Log file open, 02/19/15 12:00:23
LogInit:Display: Running engine for game: TrailerWhitebox
LogInit: Version: 4.6.1-2386410+++depot+UE4-Releases+4.6
LogInit: API Version: 2369412
LogInit: Compiled (64-bit): Dec 11 2014 21:31:39
LogInit: Compiled with Visual C++: 18.00.21005.01
LogInit: Build Configuration: Development
LogInit: Branch Name: ++depot+UE4-Releases+4.6
LogInit: Command line: 
LogInit: Base directory: C:/Program Files/Unreal Engine/4.6/Engine/Binaries/Win64/
LogInit: Rocket: 1
[2015.02.19-19.00.23:619][  0]LogTaskGraph: Started task graph with 3 named threads and 6 total threads.
[2015.02.19-19.00.23:668][  0]LogOnline:Warning: No default platform service specified for OnlineSubsystem
[2015.02.19-19.00.23:686][  0]LogInit: Presizing for 0 objects not considered by GC, pre-allocating 0 bytes.
[2015.02.19-19.00.23:696][  0]LogInit: Object subsystem initialized
[2015.02.19-19.00.23:698][  0]LogConsoleResponse:Warning: Skipping Unknown console variable: 'UIScaleRule = ShortestSide'
[2015.02.19-19.00.23:698][  0]LogConsoleResponse:Warning:   Found in ini file 'C:/Users/u0807920.AD/Documents/GitHub/Nerd-Sniping/TrailerWhitebox/Saved/Config/Windows/Engine.ini', in section '[/Script/Engine.RendererSettings]'
[2015.02.19-19.00.23:698][  0]LogConsoleResponse:Warning: Skipping Unknown console variable: 'UIScaleCurve = (EditorCurveData=(Keys=),ExternalCurve=None)'
[2015.02.19-19.00.23:698][  0]LogConsoleResponse:Warning:   Found in ini file 'C:/Users/u0807920.AD/Documents/GitHub/Nerd-Sniping/TrailerWhitebox/Saved/Config/Windows/Engine.ini', in section '[/Script/Engine.RendererSettings]'
[2015.02.19-19.00.23:698][  0]LogConsoleManager:Warning: Console variable 'r.MSAA.CompositingSampleCount' wasn't set (Priority ProjectSetting < Scalability)
[2015.02.19-19.00.23:698][  0]LogInit: Selected Device Profile: [Windows]
[2015.02.19-19.00.23:698][  0]LogInit: Applying CVar settings loaded from the selected device profile: [Windows]
[2015.02.19-19.00.23:703][  0]LogInit: Computer: TCPC-27
[2015.02.19-19.00.23:703][  0]LogInit: User: u0807920
[2015.02.19-19.00.23:703][  0]LogInit: CPU Page size=4096, Cores=4
[2015.02.19-19.00.23:703][  0]LogInit: High frequency timer resolution =3.906396 MHz
[2015.02.19-19.00.23:703][  0]LogMemory: Memory total: Physical=8.0GB (8GB approx) Virtual=8192.0GB
[2015.02.19-19.00.23:704][  0]LogMemory: Platform Memory Stats for Windows
[2015.02.19-19.00.23:704][  0]LogMemory: Process Physical Memory: 50.53 MB used, 50.53 MB peak
[2015.02.19-19.00.23:704][  0]LogMemory: Process Virtual Memory: 26.24 MB used, 26.24 MB peak
[2015.02.19-19.00.23:704][  0]LogMemory: Physical Memory: 2760.82 MB used, 8173.54 MB total
[2015.02.19-19.00.23:704][  0]LogMemory: Virtual Memory: 264.68 MB used, 8388608.00 MB total
[2015.02.19-19.00.23:732][  0]LogD3D11RHI: Found D3D11 adapter 0: NVIDIA GeForce GT 630 (Feature Level 11_0)
[2015.02.19-19.00.23:733][  0]LogD3D11RHI: Adapter has 978MB of dedicated video memory, 0MB of dedicated system memory, and 3071MB of shared system memory, 1 output[s]
[2015.02.19-19.00.23:733][  0]LogD3D11RHI: Chosen D3D11 Adapter Id = 0
[2015.02.19-19.00.23:738][  0]LogRHI: Texture pool is 684 MB (70% of 978 MB)
[2015.02.19-19.00.23:747][  0]LogD3D11RHI: Async texture creation enabled
[2015.02.19-19.00.23:806][  0]LogTextLocalizationManager: The requested culture ('en_US') has no localization data; parent culture's ('en') localization data will be used.
[2015.02.19-19.00.23:961][  0]LogContentStreaming: Texture pool size is 0.000000MB
[2015.02.19-19.00.29:167][  0]LogTargetPlatformManager:Display: Building Assets For Windows
[2015.02.19-19.00.29:593][  0]LogTargetPlatformManager:Display: Building Assets For Windows
[2015.02.19-19.00.29:643][  0]LogDerivedDataCache:Display: Max Cache Size: 512 MB
[2015.02.19-19.00.29:716][  0]LogDerivedDataCache: Loaded boot cache 0.07s 39MB C:/Users/u0807920.AD/AppData/Local/UnrealEngine/4.6/DerivedDataCache/Boot.ddc.
[2015.02.19-19.00.29:716][  0]LogDerivedDataCache:Display: Loaded Boot cache: C:/Users/u0807920.AD/AppData/Local/UnrealEngine/4.6/DerivedDataCache/Boot.ddc
[2015.02.19-19.00.29:717][  0]LogDerivedDataCache: FDerivedDataBackendGraph:  Pak pak cache file ../../../../../../Users/u0807920.AD/Documents/GitHub/Nerd-Sniping/TrailerWhitebox/DerivedDataCache/DDC.ddp not found, will not use a pak cache.
[2015.02.19-19.00.29:717][  0]LogDerivedDataCache: Unable to find inner node Pak for hierarchical cache Hierarchy.
[2015.02.19-19.00.29:778][  0]LogDerivedDataCache:Display: Pak cache opened for reading ../../../Engine/DerivedDataCache/DDC.ddp.
[2015.02.19-19.00.29:789][  0]LogDerivedDataCache: Using Local data cache path C:/Users/u0807920.AD/AppData/Local/UnrealEngine/Common/DerivedDataCache: Writable
[2015.02.19-19.00.29:939][  0]LogCollisionProfile:Warning: Profile (UI) - Custom Channel Name = 'Weapon' hasn't been found
[2015.02.19-19.00.30:086][  0]LogMeshUtilities: No automatic mesh reduction module available
[2015.02.19-19.00.30:086][  0]LogMeshUtilities: No automatic mesh merging module available
[2015.02.19-19.00.30:508][  0]LogInit: WinSock: version 1.1 (2.2), MaxSocks=32767, MaxUdp=65467
[2015.02.19-19.00.30:561][  0]LogSlate:Warning: Failed to load font data from '../../../Engine/Content/Slate/Fonts/Roboto-Italic.ttf'
[2015.02.19-19.00.31:353][  0]UdpMessaging: Initializing bridge on interface 0.0.0.0:0 to multicast group 230.0.0.1:6666.
[2015.02.19-19.00.31:504][  0]LogDirectoryWatcher:Warning: Failed to begin reading directory changes for C:/Users/u0807920.AD/Documents/GitHub/Nerd-Sniping/TrailerWhitebox/Binaries/Win64. Error: 0
[2015.02.19-19.00.31:644][  0]SourceControl: Info Source control is disabled
[2015.02.19-19.00.31:644][  0]SourceControl: Info Source control is disabled
[2015.02.19-19.00.31:650][  0]SourceControl: Info Source control is disabled
[2015.02.19-19.00.31:762][  0]LogObj: 23754 objects as part of root set at end of initial load.
[2015.02.19-19.00.31:762][  0]LogUObjectAllocator: 5168136 out of 0 bytes used by permanent object pool.
[2015.02.19-19.00.31:818][  0]LogEngine: Initializing Engine...
[2015.02.19-19.00.31:969][  0]LogInit: XAudio2 using 'Digital Audio (S/PDIF) (4- High Definition Audio Device)' : 2 channels at 44.1 kHz using 16 bits per sample (channel mask 0x3)
[2015.02.19-19.00.31:999][  0]LogInit: FAudioDevice initialized.
[2015.02.19-19.00.32:018][  0]LogAIModule: Creating AISystem for world NewWorld
[2015.02.19-19.00.32:052][  0]LogDerivedDataCache: Saved boot cache 0.03s 39MB C:/Users/u0807920.AD/AppData/Local/UnrealEngine/4.6/DerivedDataCache/Boot.ddc.
[2015.02.19-19.00.32:061][  0]LogInit: Texture streaming: Enabled
[2015.02.19-19.00.32:086][  0]LogAnalytics: Creating configured Analytics provider AnalyticsET
[2015.02.19-19.00.32:086][  0]LogAnalytics: ET APIKey = Rocket.Release. APIServer = http://et2.epicgames.com/ET2/. AppVersion = 4.6.1-2386410+++depot+UE4-Releases+4.6
[2015.02.19-19.00.32:087][  0]LogAnalytics: SetUserId 4bcc4d1a1af53d7934023d9c6eae8a1f
[2015.02.19-19.00.32:087][  0]LogAnalytics: AnalyticsET::StartSession [Rocket.Release]
[2015.02.19-19.00.32:105][  0]LogInit: Transaction tracking system initialized
[2015.02.19-19.00.32:191][  0]BlueprintLog: New page: Editor Load
[2015.02.19-19.00.32:219][  0]LogAssetRegistry: FAssetRegistry took 0.0097 seconds to start up
[2015.02.19-19.00.32:219][  0]LogDirectoryWatcher:Warning: Failed to begin reading directory changes for ../../../Engine/Plugins/Experimental/CharacterAI/Content/. Error: 0
[2015.02.19-19.00.32:681][  0]LogTargetPlatformManager:Display: Building Assets For Windows
[2015.02.19-19.00.33:011][  0]LogTargetPlatformManager:Display: Building Assets For Windows
[2015.02.19-19.00.33:206][  0]LogConsoleResponse:Display: 
[2015.02.19-19.00.33:250][  0]LogLinker:Warning: Asset '../../../Engine/Content/Functions/Engine_MaterialFunctions03/Procedurals/ComputeFilterWidth.uasset' has been saved with empty engine version. The asset will be loaded but may be incompatible.
[2015.02.19-19.00.33:426][  0]SourceControl: Info Source control is disabled
[2015.02.19-19.00.48:849][  0]Cmd: MAP LOAD FILE="../../../Engine/Content/Maps/Templates/Template_Default.umap" TEMPLATE=1 SHOWPROGRESS=1
[2015.02.19-19.00.48:850][  0]LightingResults: New page: Lighting Build
[2015.02.19-19.00.48:859][  0]MapCheck: New page: Map Check
[2015.02.19-19.00.48:859][  0]LightingResults: New page: Lighting Build
[2015.02.19-19.00.48:869][  0]LogParticles: Destroying 0 GPU particle simulations for FXSystem 0x00000000139259E0
[2015.02.19-19.00.49:184][  0]LogEditorServer: Finished looking for orphan Actors (0.000 secs)
[2015.02.19-19.00.49:184][  0]LogAIModule: Creating AISystem for world Untitled_1
[2015.02.19-19.00.49:185][  0]Cmd: MAP CHECKDEP
[2015.02.19-19.00.49:185][  0]MapCheck: New page: Untitled_1 - Feb 19, 2015, 5:00:49 AM
[2015.02.19-19.00.49:261][  0]MapCheck: Info Map check complete: 0 Error(s), 0 Warning(s), took 75.881ms to complete.
[2015.02.19-19.00.49:261][  0]LogFileHelpers: Loading map 'Template_Default' took 0.411
[2015.02.19-19.00.49:293][  0]LogStats:Warning: MetaData mismatch. Did you assign a stat to two groups? New //STATGROUP_Threads//SplashScreenThread///Thread_21c4_0///////STATCAT_Advanced//// old //STATGROUP_Threads//SplashScreenThread///Thread_1d40_0///////STATCAT_Advanced////
[2015.02.19-19.00.49:293][  0]LogCollectionManager: Loaded 0 collections in 0.000960 seconds
[2015.02.19-19.00.49:387][  0]LogCrashTracker: Crashtracker disabled due to settings.
[2015.02.19-19.00.49:425][  0]LogLoad: Full Startup: 27.74 seconds (BP compile: 0.06 seconds)
[2015.02.19-19.00.49:438][  0]LogContentBrowser:Verbose: The content browser source was changed by the sources view to '/Game/Maps'
[2015.02.19-19.00.49:564][  0]LogPackageName: SearchForPackageOnDisk took   0.076s to resolve LevelEditor.TutorialLaunchButton
[2015.02.19-19.00.49:564][  0]LogUObjectGlobals:Warning: LoadPackage can't find package LevelEditor.TutorialLaunchButton.
[2015.02.19-19.00.49:639][  0]LogPackageName: SearchForPackageOnDisk took   0.075s to resolve 
[2015.02.19-19.00.49:639][  0]LogUObjectGlobals:Warning: LoadPackage can't find package .
[2015.02.19-19.00.49:740][  0]LogRenderer:Warning: Reallocating scene render targets to support 1136x904.
[2015.02.19-19.00.49:915][  2]LogAssetRegistry: Asset discovery search completed in 17.7088 seconds
[2015.02.19-19.00.56:245][130]LogTexture:Display: Building textures: HQ_Lightmap0_19 (AutoDXT)
[2015.02.19-19.00.56:247][130]LogTexture:Display: Building textures: HQ_Lightmap0_2 (AutoDXT)
[2015.02.19-19.00.56:262][130]LogTexture:Display: Building textures: HQ_Lightmap0_20 (AutoDXT)
[2015.02.19-19.00.56:263][130]LogTexture:Display: Building textures: HQ_Lightmap0_21 (AutoDXT)
[2015.02.19-19.00.56:265][130]LogTexture:Display: Building textures: HQ_Lightmap0_22 (AutoDXT)
[2015.02.19-19.00.56:274][130]LogTexture:Display: Building textures: HQ_Lightmap0_23 (AutoDXT)
[2015.02.19-19.00.56:311][130]LogTexture:Display: Building textures: HQ_Lightmap0_24 (AutoDXT)
[2015.02.19-19.00.56:327][130]LogTexture:Display: Building textures: HQ_Lightmap0_27 (AutoDXT)
[2015.02.19-19.00.56:330][130]LogTexture:Display: Building textures: HQ_Lightmap0_28 (AutoDXT)
[2015.02.19-19.00.56:332][130]LogTexture:Display: Building textures: HQ_Lightmap0_29 (AutoDXT)
[2015.02.19-19.00.56:340][130]LogTexture:Display: Building textures: HQ_Lightmap0_30 (AutoDXT)
[2015.02.19-19.00.56:361][130]LogTexture:Display: Building textures: HQ_Lightmap0_31 (AutoDXT)
[2015.02.19-19.00.56:378][130]LogTexture:Display: Building textures: HQ_Lightmap0_32 (AutoDXT)
[2015.02.19-19.00.56:394][130]LogTexture:Display: Building textures: HQ_Lightmap0_35 (AutoDXT)
[2015.02.19-19.00.56:410][130]LogTexture:Display: Building textures: HQ_Lightmap0_36 (AutoDXT)
[2015.02.19-19.00.56:411][130]LogTexture:Display: Building textures: HQ_Lightmap0_37 (AutoDXT)
[2015.02.19-19.00.56:413][130]LogTexture:Display: Building textures: HQ_Lightmap0_38 (AutoDXT)
[2015.02.19-19.00.56:415][130]LogTexture:Display: Building textures: HQ_Lightmap0_42 (AutoDXT)
[2015.02.19-19.00.56:417][130]LogTexture:Display: Building textures: HQ_Lightmap0_43 (AutoDXT)
[2015.02.19-19.00.56:419][130]LogTexture:Display: Building textures: HQ_Lightmap0_44 (AutoDXT)
[2015.02.19-19.00.56:440][130]LogTexture:Display: Building textures: HQ_Lightmap0_45 (AutoDXT)
[2015.02.19-19.00.56:456][130]LogTexture:Display: Building textures: HQ_Lightmap0_46 (AutoDXT)
[2015.02.19-19.00.56:472][130]LogTexture:Display: Building textures: HQ_Lightmap0_51 (AutoDXT)
[2015.02.19-19.00.56:474][130]LogTexture:Display: Building textures: HQ_Lightmap0_52 (AutoDXT)
[2015.02.19-19.00.56:493][130]LogTexture:Display: Building textures: HQ_Lightmap0_53 (AutoDXT)
[2015.02.19-19.00.56:510][130]LogTexture:Display: Building textures: HQ_Lightmap0_54 (AutoDXT)
[2015.02.19-19.00.56:526][130]LogTexture:Display: Building textures: HQ_Lightmap0_66 (AutoDXT)
[2015.02.19-19.00.56:528][130]LogTexture:Display: Building textures: HQ_Lightmap1_10 (AutoDXT)
[2015.02.19-19.00.56:530][130]LogTexture:Display: Building textures: HQ_Lightmap1_11 (AutoDXT)
[2015.02.19-19.00.56:532][130]LogTexture:Display: Building textures: HQ_Lightmap1_12 (AutoDXT)
[2015.02.19-19.00.56:534][130]LogTexture:Display: Building textures: HQ_Lightmap1_13 (AutoDXT)
[2015.02.19-19.00.56:536][130]LogTexture:Display: Building textures: HQ_Lightmap1_14 (AutoDXT)
[2015.02.19-19.00.56:543][130]LogTexture:Display: Building textures: HQ_Lightmap1_15 (AutoDXT)
[2015.02.19-19.00.56:545][130]LogTexture:Display: Building textures: HQ_Lightmap1_16 (AutoDXT)
[2015.02.19-19.00.56:563][130]LogTexture:Display: Building textures: HQ_Lightmap1_17 (AutoDXT)
[2015.02.19-19.00.56:599][130]LogTexture:Display: Building textures: HQ_Lightmap1_18 (AutoDXT)
[2015.02.19-19.00.56:629][130]LogTexture:Display: Building textures: HQ_Lightmap1_25 (AutoDXT)
[2015.02.19-19.00.56:631][130]LogTexture:Display: Building textures: HQ_Lightmap1_26 (AutoDXT)
[2015.02.19-19.00.56:633][130]LogTexture:Display: Building textures: HQ_Lightmap1_3 (AutoDXT)
[2015.02.19-19.00.56:635][130]LogTexture:Display: Building textures: HQ_Lightmap1_33 (AutoDXT)
[2015.02.19-19.00.56:649][130]LogTexture:Display: Building textures: HQ_Lightmap1_34 (AutoDXT)
[2015.02.19-19.00.56:650][130]LogTexture:Display: Building textures: HQ_Lightmap1_39 (AutoDXT)
[2015.02.19-19.00.56:653][130]LogTexture:Display: Building textures: HQ_Lightmap1_4 (AutoDXT)
[2015.02.19-19.00.56:674][130]LogTexture:Display: Building textures: HQ_Lightmap1_40 (AutoDXT)
[2015.02.19-19.00.56:676][130]LogTexture:Display: Building textures: HQ_Lightmap1_41 (AutoDXT)
[2015.02.19-19.00.56:678][130]LogTexture:Display: Building textures: HQ_Lightmap1_47 (AutoDXT)
[2015.02.19-19.00.56:701][130]LogTexture:Display: Building textures: HQ_Lightmap1_48 (AutoDXT)
[2015.02.19-19.00.56:718][130]LogTexture:Display: Building textures: HQ_Lightmap1_49 (AutoDXT)
[2015.02.19-19.00.56:723][130]LogTexture:Display: Building textures: HQ_Lightmap1_5 (AutoDXT)
[2015.02.19-19.00.56:725][130]LogTexture:Display: Building textures: HQ_Lightmap1_50 (AutoDXT)
[2015.02.19-19.00.56:727][130]LogTexture:Display: Building textures: HQ_Lightmap1_55 (AutoDXT)
[2015.02.19-19.00.56:749][130]LogTexture:Display: Building textures: HQ_Lightmap1_56 (AutoDXT)
[2015.02.19-19.00.56:768][130]LogTexture:Display: Building textures: HQ_Lightmap1_57 (AutoDXT)
[2015.02.19-19.00.56:779][130]LogTexture:Display: Building textures: HQ_Lightmap1_58 (AutoDXT)
[2015.02.19-19.00.56:781][130]LogTexture:Display: Building textures: HQ_Lightmap1_59 (AutoDXT)
[2015.02.19-19.00.56:792][130]LogTexture:Display: Building textures: HQ_Lightmap1_6 (AutoDXT)
[2015.02.19-19.00.56:793][130]LogTexture:Display: Building textures: HQ_Lightmap1_60 (AutoDXT)
[2015.02.19-19.00.56:812][130]LogTexture:Display: Building textures: HQ_Lightmap1_61 (AutoDXT)
[2015.02.19-19.00.56:828][130]LogTexture:Display: Building textures: HQ_Lightmap1_62 (AutoDXT)
[2015.02.19-19.00.56:844][130]LogTexture:Display: Building textures: HQ_Lightmap1_63 (AutoDXT)
[2015.02.19-19.00.56:852][130]LogTexture:Display: Building textures: HQ_Lightmap1_64 (AutoDXT)
[2015.02.19-19.00.56:861][130]LogTexture:Display: Building textures: HQ_Lightmap1_65 (AutoDXT)
[2015.02.19-19.00.56:862][130]LogTexture:Display: Building textures: HQ_Lightmap1_67 (AutoDXT)
[2015.02.19-19.00.56:863][130]LogTexture:Display: Building textures: HQ_Lightmap1_7 (AutoDXT)
[2015.02.19-19.00.56:864][130]LogTexture:Display: Building textures: HQ_Lightmap1_8 (AutoDXT)
[2015.02.19-19.00.56:866][130]LogTexture:Display: Building textures: HQ_Lightmap1_9 (AutoDXT)
[2015.02.19-19.00.56:868][130]LogTexture:Display: Building textures: LQ_Lightmap_0_19 (DXT1)
[2015.02.19-19.00.56:869][130]LogTexture:Display: Building textures: LQ_Lightmap_0_2 (DXT1)
[2015.02.19-19.00.56:885][130]LogTexture:Display: Building textures: LQ_Lightmap_0_20 (DXT1)
[2015.02.19-19.00.56:888][130]LogTexture:Display: Building textures: LQ_Lightmap_0_21 (DXT1)
[2015.02.19-19.00.56:890][130]LogTexture:Display: Building textures: LQ_Lightmap_0_22 (DXT1)
[2015.02.19-19.00.56:895][130]LogTexture:Display: Building textures: LQ_Lightmap_0_23 (DXT1)
[2015.02.19-19.00.56:912][130]LogTexture:Display: Building textures: LQ_Lightmap_0_24 (DXT1)
[2015.02.19-19.00.56:921][130]LogTexture:Display: Building textures: LQ_Lightmap_0_27 (DXT1)
[2015.02.19-19.00.56:922][130]LogTexture:Display: Building textures: LQ_Lightmap_0_28 (DXT1)
[2015.02.19-19.00.56:924][130]LogTexture:Display: Building textures: LQ_Lightmap_0_29 (DXT1)
[2015.02.19-19.00.56:928][130]LogTexture:Display: Building textures: LQ_Lightmap_0_30 (DXT1)
[2015.02.19-19.00.56:946][130]LogTexture:Display: Building textures: LQ_Lightmap_0_31 (DXT1)
[2015.02.19-19.00.56:961][130]LogTexture:Display: Building textures: LQ_Lightmap_0_32 (DXT1)
[2015.02.19-19.00.56:973][130]LogTexture:Display: Building textures: LQ_Lightmap_0_35 (DXT1)
[2015.02.19-19.00.56:987][130]LogTexture:Display: Building textures: LQ_Lightmap_0_36 (DXT1)
[2015.02.19-19.00.56:989][130]LogTexture:Display: Building textures: LQ_Lightmap_0_37 (DXT1)
[2015.02.19-19.00.56:990][130]LogTexture:Display: Building textures: LQ_Lightmap_0_38 (DXT1)
[2015.02.19-19.00.56:991][130]LogTexture:Display: Building textures: LQ_Lightmap_0_42 (DXT1)
[2015.02.19-19.00.56:992][130]LogTexture:Display: Building textures: LQ_Lightmap_0_43 (DXT1)
[2015.02.19-19.00.56:993][130]LogTexture:Display: Building textures: LQ_Lightmap_0_44 (DXT1)
[2015.02.19-19.00.57:009][130]LogTexture:Display: Building textures: LQ_Lightmap_0_45 (DXT1)
[2015.02.19-19.00.57:024][130]LogTexture:Display: Building textures: LQ_Lightmap_0_46 (DXT1)
[2015.02.19-19.00.57:038][130]LogTexture:Display: Building textures: LQ_Lightmap_0_51 (DXT1)
[2015.02.19-19.00.57:039][130]LogTexture:Display: Building textures: LQ_Lightmap_0_52 (DXT1)
[2015.02.19-19.00.57:054][130]LogTexture:Display: Building textures: LQ_Lightmap_0_53 (DXT1)
[2015.02.19-19.00.57:072][130]LogTexture:Display: Building textures: LQ_Lightmap_0_54 (DXT1)
[2015.02.19-19.00.57:092][130]LogTexture:Display: Building textures: LQ_Lightmap_0_66 (DXT1)
[2015.02.19-19.00.57:093][130]LogTexture:Display: Building textures: LQ_Lightmap_1_10 (DXT1)
[2015.02.19-19.00.57:095][130]LogTexture:Display: Building textures: LQ_Lightmap_1_11 (DXT1)
[2015.02.19-19.00.57:096][130]LogTexture:Display: Building textures: LQ_Lightmap_1_12 (DXT1)
[2015.02.19-19.00.57:097][130]LogTexture:Display: Building textures: LQ_Lightmap_1_13 (DXT1)
[2015.02.19-19.00.57:099][130]LogTexture:Display: Building textures: LQ_Lightmap_1_14 (DXT1)
[2015.02.19-19.00.57:103][130]LogTexture:Display: Building textures: LQ_Lightmap_1_15 (DXT1)
[2015.02.19-19.00.57:105][130]LogTexture:Display: Building textures: LQ_Lightmap_1_16 (DXT1)
[2015.02.19-19.00.57:118][130]LogTexture:Display: Building textures: LQ_Lightmap_1_17 (DXT1)
[2015.02.19-19.00.57:133][130]LogTexture:Display: Building textures: LQ_Lightmap_1_18 (DXT1)
[2015.02.19-19.00.57:158][130]LogTexture:Display: Building textures: LQ_Lightmap_1_25 (DXT1)
[2015.02.19-19.00.57:160][130]LogTexture:Display: Building textures: LQ_Lightmap_1_26 (DXT1)
[2015.02.19-19.00.57:161][130]LogTexture:Display: Building textures: LQ_Lightmap_1_3 (DXT1)
[2015.02.19-19.00.57:162][130]LogTexture:Display: Building textures: LQ_Lightmap_1_33 (DXT1)
[2015.02.19-19.00.57:170][130]LogTexture:Display: Building textures: LQ_Lightmap_1_34 (DXT1)
[2015.02.19-19.00.57:172][130]LogTexture:Display: Building textures: LQ_Lightmap_1_39 (DXT1)
[2015.02.19-19.00.57:173][130]LogTexture:Display: Building textures: LQ_Lightmap_1_4 (DXT1)
[2015.02.19-19.00.57:193][130]LogTexture:Display: Building textures: LQ_Lightmap_1_40 (DXT1)
[2015.02.19-19.00.57:194][130]LogTexture:Display: Building textures: LQ_Lightmap_1_41 (DXT1)
[2015.02.19-19.00.57:196][130]LogTexture:Display: Building textures: LQ_Lightmap_1_47 (DXT1)
[2015.02.19-19.00.57:215][130]LogTexture:Display: Building textures: LQ_Lightmap_1_48 (DXT1)
[2015.02.19-19.00.57:224][130]LogTexture:Display: Building textures: LQ_Lightmap_1_49 (DXT1)
[2015.02.19-19.00.57:227][130]LogTexture:Display: Building textures: LQ_Lightmap_1_5 (DXT1)
[2015.02.19-19.00.57:229][130]LogTexture:Display: Building textures: LQ_Lightmap_1_50 (DXT1)
[2015.02.19-19.00.57:230][130]LogTexture:Display: Building textures: LQ_Lightmap_1_55 (DXT1)
[2015.02.19-19.00.57:247][130]LogTexture:Display: Building textures: LQ_Lightmap_1_56 (DXT1)
[2015.02.19-19.00.57:257][130]LogTexture:Display: Building textures: LQ_Lightmap_1_57 (DXT1)
[2015.02.19-19.00.57:264][130]LogTexture:Display: Building textures: LQ_Lightmap_1_58 (DXT1)
[2015.02.19-19.00.57:266][130]LogTexture:Display: Building textures: LQ_Lightmap_1_59 (DXT1)
[2015.02.19-19.00.57:275][130]LogTexture:Display: Building textures: LQ_Lightmap_1_6 (DXT1)
[2015.02.19-19.00.57:277][130]LogTexture:Display: Building textures: LQ_Lightmap_1_60 (DXT1)
[2015.02.19-19.00.57:290][130]LogTexture:Display: Building textures: LQ_Lightmap_1_61 (DXT1)
[2015.02.19-19.00.57:299][130]LogTexture:Display: Building textures: LQ_Lightmap_1_62 (DXT1)
[2015.02.19-19.00.57:309][130]LogTexture:Display: Building textures: LQ_Lightmap_1_63 (DXT1)
[2015.02.19-19.00.57:315][130]LogTexture:Display: Building textures: LQ_Lightmap_1_64 (DXT1)
[2015.02.19-19.00.57:322][130]LogTexture:Display: Building textures: LQ_Lightmap_1_65 (DXT1)
[2015.02.19-19.00.57:323][130]LogTexture:Display: Building textures: LQ_Lightmap_1_67 (DXT1)
[2015.02.19-19.00.57:324][130]LogTexture:Display: Building textures: LQ_Lightmap_1_7 (DXT1)
[2015.02.19-19.00.57:325][130]LogTexture:Display: Building textures: LQ_Lightmap_1_8 (DXT1)
[2015.02.19-19.00.57:326][130]LogTexture:Display: Building textures: LQ_Lightmap_1_9 (DXT1)
[2015.02.19-19.00.57:372][130]Cmd: MAP LOAD FILE="../../../../../../Users/u0807920.AD/Documents/GitHub/Nerd-Sniping/TrailerWhitebox/Content/Maps/NerdSniping.umap" TEMPLATE=0 SHOWPROGRESS=1
[2015.02.19-19.00.57:372][130]LightingResults: New page: Lighting Build
[2015.02.19-19.00.57:394][130]LoadErrors: New page: Loading map: NerdSniping.umap
[2015.02.19-19.00.57:395][130]MapCheck: New page: Map Check
[2015.02.19-19.00.57:395][130]LightingResults: New page: Lighting Build
[2015.02.19-19.00.57:406][130]LogParticles: Destroying 0 GPU particle simulations for FXSystem 0x000000000B74AFC0
[2015.02.19-19.00.57:414][130]LogEditorServer: Finished looking for orphan Actors (0.000 secs)
[2015.02.19-19.00.57:414][130]LogAIModule: Creating AISystem for world NerdSniping
[2015.02.19-19.00.57:441][130]Cmd: MAP CHECKDEP
[2015.02.19-19.00.57:441][130]MapCheck: New page: NerdSniping - Feb 19, 2015, 5:00:57 AM
[2015.02.19-19.00.57:577][130]MapCheck: Info Map check complete: 0 Error(s), 0 Warning(s), took 136.743ms to complete.
[2015.02.19-19.00.57:579][130]LogFileHelpers: Loading map 'NerdSniping' took 0.209
[2015.02.19-19.00.57:617][131]Cmd: UpdateLandscapeEditorData -warnings
[2015.02.19-19.00.57:618][131]Cmd: UpdateLandscapeEditorData
[2015.02.19-19.01.01:309][208]LogEditorViewport: Clicking on Actor (LMB): StaticMeshActor (michaelswann)
[2015.02.19-19.01.01:319][208]LogPropertyNode:Warning: UI Min (0.001) >= UI Max () for Ranged Numeric
[2015.02.19-19.01.06:652][314]LogEditorViewport: Clicking on Actor (LMB): StaticMeshActor (michaelswann)
[2015.02.19-19.01.06:661][314]LogPropertyNode:Warning: UI Min (0.001) >= UI Max () for Ranged Numeric
[2015.02.19-19.01.07:389][329]LogEditorViewport: Clicking on Actor (LMB): StaticMeshActor (Truck)
[2015.02.19-19.01.07:398][329]LogPropertyNode:Warning: UI Min (0.001) >= UI Max () for Ranged Numeric
[2015.02.19-19.01.09:905][378]LogEditorViewport: Clicking on Actor (LMB): StaticMeshActor (michaelswann)
[2015.02.19-19.01.09:914][378]LogPropertyNode:Warning: UI Min (0.001) >= UI Max () for Ranged Numeric
[2015.02.19-19.01.16:910][583]LogEditorActor: Deleted Actor: DirectionalLight
[2015.02.19-19.01.16:962][583]LogEditorActor: Deleted 1 Actors (0.061 secs)
[2015.02.19-19.01.23:613][729]LogEditorActor: Deleted Actor: BP_Sky_Sphere_C
[2015.02.19-19.01.23:628][729]LogEditorActor: Deleted 1 Actors (0.021 secs)
[2015.02.19-19.01.31:764][914]LogContentBrowser:Verbose: The content browser source was changed by the sources view to '/Game/Maps/Building'
[2015.02.19-19.01.41:278][112]LogMaterial: Missing cached shader map for material PreviewMaterial_0, compiling.
[2015.02.19-19.01.41:310][112]LogActorComponent: UnregisterComponent: (/Engine/Transient.SkeletalMeshComponent_0) Not registered. Aborting.
[2015.02.19-19.01.41:371][112]LogActorComponent: UnregisterComponent: (/Engine/Transient.SkeletalMeshComponent_0) Not registered. Aborting.
[2015.02.19-19.01.41:371][112]LogActorComponent: RegisterComponentWithWorld: (/Engine/Transient.MaterialEditorMeshComponent_0) Already registered. Aborting.
[2015.02.19-19.01.41:371][112]LogActorComponent: UnregisterComponent: (/Engine/Transient.SkeletalMeshComponent_0) Not registered. Aborting.
[2015.02.19-19.01.41:371][112]LogActorComponent: RegisterComponentWithWorld: (/Engine/Transient.MaterialEditorMeshComponent_0) Already registered. Aborting.
[2015.02.19-19.01.41:373][112]LogMaterial: Missing cached shader map for material PreviewMaterial_0, compiling.
[2015.02.19-19.01.41:405][112]LogMaterial: Missing cached shader map for material FMatExpressionPreview MaterialExpressionTextureSample_14, compiling.
[2015.02.19-19.01.41:530][112]LogPackageName: SearchForPackageOnDisk took   0.108s to resolve LevelEditor.TutorialLaunchButton
[2015.02.19-19.01.41:530][112]LogUObjectGlobals:Warning: LoadPackage can't find package LevelEditor.TutorialLaunchButton.
[2015.02.19-19.01.41:630][112]LogPackageName: SearchForPackageOnDisk took   0.100s to resolve 
[2015.02.19-19.01.41:630][112]LogUObjectGlobals:Warning: LoadPackage can't find package .
[2015.02.19-19.01.42:657][130]MaterialEditorStats: Info Base pass shader with static lighting: 69 instructions
[2015.02.19-19.01.42:657][130]MaterialEditorStats: Info Base pass shader with only dynamic lighting: 38 instructions
[2015.02.19-19.01.42:657][130]MaterialEditorStats: Info Vertex shader: 33 instructions
[2015.02.19-19.01.42:657][130]MaterialEditorStats: Info Texture samplers: 3/16
[2015.02.19-19.01.43:109][149]LogMaterial: Missing cached shader map for material PreviewMaterial_0, compiling.
[2015.02.19-19.01.43:115][149]LogMaterial: Missing cached shader map for material FMatExpressionPreview MaterialExpressionTextureSample_0, compiling.
[2015.02.19-19.01.43:141][149]LogMaterial: Missing cached shader map for material FMatExpressionPreview MaterialExpressionTextureSample_14, compiling.
[2015.02.19-19.01.43:143][149]LogMaterial: Missing cached shader map for material FMatExpressionPreview MaterialExpressionTextureSample_0, compiling.
[2015.02.19-19.01.43:809][162]MaterialEditorStats: Info Base pass shader with static lighting: 69 instructions
[2015.02.19-19.01.43:809][162]MaterialEditorStats: Info Base pass shader with only dynamic lighting: 38 instructions
[2015.02.19-19.01.43:809][162]MaterialEditorStats: Info Vertex shader: 33 instructions
[2015.02.19-19.01.43:809][162]MaterialEditorStats: Info Texture samplers: 3/16
[2015.02.19-19.01.45:708][198]LogMaterial: Missing cached shader map for material PreviewMaterial_0, compiling.
[2015.02.19-19.01.46:436][213]MaterialEditorStats: Info Base pass shader with static lighting: 69 instructions
[2015.02.19-19.01.46:436][213]MaterialEditorStats: Info Base pass shader with only dynamic lighting: 38 instructions
[2015.02.19-19.01.46:436][213]MaterialEditorStats: Info Vertex shader: 33 instructions
[2015.02.19-19.01.46:436][213]MaterialEditorStats: Info Texture samplers: 3/16
[2015.02.19-19.01.47:450][233]LogMaterial: Missing cached shader map for material PreviewMaterial_0, compiling.
[2015.02.19-19.01.47:455][233]LogMaterial:Warning: FMaterialUniformExpressionTexture had invalid TextureIndex! (0 / 0)
[2015.02.19-19.01.48:175][248]MaterialEditorStats: Info Base pass shader with static lighting: 62 instructions
[2015.02.19-19.01.48:175][248]MaterialEditorStats: Info Base pass shader with only dynamic lighting: 34 instructions
[2015.02.19-19.01.48:175][248]MaterialEditorStats: Info Vertex shader: 31 instructions
[2015.02.19-19.01.48:175][248]MaterialEditorStats: Info Texture samplers: 2/16
[2015.02.19-19.01.51:582][309]LogMaterial: Missing cached shader map for material PreviewMaterial_1, compiling.
[2015.02.19-19.01.51:612][309]LogActorComponent: UnregisterComponent: (/Engine/Transient.SkeletalMeshComponent_1) Not registered. Aborting.
[2015.02.19-19.01.51:667][309]LogActorComponent: UnregisterComponent: (/Engine/Transient.SkeletalMeshComponent_1) Not registered. Aborting.
[2015.02.19-19.01.51:667][309]LogActorComponent: RegisterComponentWithWorld: (/Engine/Transient.MaterialEditorMeshComponent_1) Already registered. Aborting.
[2015.02.19-19.01.51:667][309]LogActorComponent: UnregisterComponent: (/Engine/Transient.SkeletalMeshComponent_1) Not registered. Aborting.
[2015.02.19-19.01.51:667][309]LogActorComponent: RegisterComponentWithWorld: (/Engine/Transient.MaterialEditorMeshComponent_1) Already registered. Aborting.
[2015.02.19-19.01.51:669][309]LogMaterial: Missing cached shader map for material PreviewMaterial_1, compiling.
[2015.02.19-19.01.51:698][309]LogMaterial: Missing cached shader map for material FMatExpressionPreview MaterialExpressionVectorParameter_59, compiling.
[2015.02.19-19.01.52:384][322]MaterialEditorStats: Info Base pass shader with static lighting: 68 instructions
[2015.02.19-19.01.52:384][322]MaterialEditorStats: Info Base pass shader with only dynamic lighting: 37 instructions
[2015.02.19-19.01.52:384][322]MaterialEditorStats: Info Vertex shader: 31 instructions
[2015.02.19-19.01.52:384][322]MaterialEditorStats: Info Texture samplers: 2/16
[2015.02.19-19.02.07:448][584]LogMaterial: Missing cached shader map for material PreviewMaterial_2, compiling.
[2015.02.19-19.02.07:465][584]LogActorComponent: UnregisterComponent: (/Engine/Transient.SkeletalMeshComponent_2) Not registered. Aborting.
[2015.02.19-19.02.07:523][584]LogActorComponent: UnregisterComponent: (/Engine/Transient.SkeletalMeshComponent_2) Not registered. Aborting.
[2015.02.19-19.02.07:523][584]LogActorComponent: RegisterComponentWithWorld: (/Engine/Transient.MaterialEditorMeshComponent_2) Already registered. Aborting.
[2015.02.19-19.02.07:523][584]LogActorComponent: UnregisterComponent: (/Engine/Transient.SkeletalMeshComponent_2) Not registered. Aborting.
[2015.02.19-19.02.07:523][584]LogActorComponent: RegisterComponentWithWorld: (/Engine/Transient.MaterialEditorMeshComponent_2) Already registered. Aborting.
[2015.02.19-19.02.07:525][584]LogMaterial: Missing cached shader map for material PreviewMaterial_2, compiling.
[2015.02.19-19.02.07:552][584]LogMaterial: Missing cached shader map for material FMatExpressionPreview MaterialExpressionTextureSample_14, compiling.
[2015.02.19-19.02.07:675][584]LogPackageName: SearchForPackageOnDisk took   0.109s to resolve LevelEditor.TutorialLaunchButton
[2015.02.19-19.02.07:675][584]LogUObjectGlobals:Warning: LoadPackage can't find package LevelEditor.TutorialLaunchButton.
[2015.02.19-19.02.07:781][584]LogPackageName: SearchForPackageOnDisk took   0.106s to resolve 
[2015.02.19-19.02.07:781][584]LogUObjectGlobals:Warning: LoadPackage can't find package .
[2015.02.19-19.02.08:303][594]MaterialEditorStats: Info Base pass shader with static lighting: 69 instructions
[2015.02.19-19.02.08:304][594]MaterialEditorStats: Info Base pass shader with only dynamic lighting: 38 instructions
[2015.02.19-19.02.08:304][594]MaterialEditorStats: Info Vertex shader: 33 instructions
[2015.02.19-19.02.08:304][594]MaterialEditorStats: Info Texture samplers: 3/16
[2015.02.19-19.02.10:027][628]LogMaterial: Missing cached shader map for material PreviewMaterial_2, compiling.
[2015.02.19-19.02.10:689][642]MaterialEditorStats: Info Base pass shader with static lighting: 62 instructions
[2015.02.19-19.02.10:689][642]MaterialEditorStats: Info Base pass shader with only dynamic lighting: 34 instructions
[2015.02.19-19.02.10:689][642]MaterialEditorStats: Info Vertex shader: 31 instructions
[2015.02.19-19.02.10:689][642]MaterialEditorStats: Info Texture samplers: 2/16
[2015.02.19-19.02.13:404][712]LogMaterial: Missing cached shader map for material PreviewMaterial_2, compiling.
[2015.02.19-19.02.13:410][712]LogMaterial: Missing cached shader map for material FMatExpressionPreview MaterialExpressionConstant4Vector_0, compiling.
[2015.02.19-19.02.14:117][726]MaterialEditorStats: Info Base pass shader with static lighting: 62 instructions
[2015.02.19-19.02.14:117][726]MaterialEditorStats: Info Base pass shader with only dynamic lighting: 34 instructions
[2015.02.19-19.02.14:117][726]MaterialEditorStats: Info Vertex shader: 31 instructions
[2015.02.19-19.02.14:117][726]MaterialEditorStats: Info Texture samplers: 2/16
[2015.02.19-19.02.14:697][736]LogPackageName: SearchForPackageOnDisk took   0.075s to resolve LevelEditor.TutorialLaunchButton
[2015.02.19-19.02.14:697][736]LogUObjectGlobals:Warning: LoadPackage can't find package LevelEditor.TutorialLaunchButton.
[2015.02.19-19.02.14:771][736]LogPackageName: SearchForPackageOnDisk took   0.074s to resolve 
[2015.02.19-19.02.14:771][736]LogUObjectGlobals:Warning: LoadPackage can't find package .
[2015.02.19-19.02.19:396][868]LogPackageName: SearchForPackageOnDisk took   0.075s to resolve LevelEditor.TutorialLaunchButton
[2015.02.19-19.02.19:396][868]LogUObjectGlobals:Warning: LoadPackage can't find package LevelEditor.TutorialLaunchButton.
[2015.02.19-19.02.19:470][868]LogPackageName: SearchForPackageOnDisk took   0.074s to resolve 
[2015.02.19-19.02.19:470][868]LogUObjectGlobals:Warning: LoadPackage can't find package .
[2015.02.19-19.02.29:101][ 73]LogMaterial: Missing cached shader map for material PreviewMaterial_2, compiling.
[2015.02.19-19.02.29:129][ 73]LogMaterial: Missing cached shader map for material FMatExpressionPreview MaterialExpressionConstant4Vector_0, compiling.
[2015.02.19-19.02.29:794][ 87]MaterialEditorStats: Info Base pass shader with static lighting: 62 instructions
[2015.02.19-19.02.29:794][ 87]MaterialEditorStats: Info Base pass shader with only dynamic lighting: 34 instructions
[2015.02.19-19.02.29:794][ 87]MaterialEditorStats: Info Vertex shader: 31 instructions
[2015.02.19-19.02.29:794][ 87]MaterialEditorStats: Info Texture samplers: 2/16
[2015.02.19-19.02.29:949][ 88]LogPackageName: SearchForPackageOnDisk took   0.075s to resolve LevelEditor.TutorialLaunchButton
[2015.02.19-19.02.29:949][ 88]LogUObjectGlobals:Warning: LoadPackage can't find package LevelEditor.TutorialLaunchButton.
[2015.02.19-19.02.30:023][ 88]LogPackageName: SearchForPackageOnDisk took   0.074s to resolve 
[2015.02.19-19.02.30:023][ 88]LogUObjectGlobals:Warning: LoadPackage can't find package .
[2015.02.19-19.02.37:765][370]LogMaterial: Missing cached shader map for material PreviewMaterial_2, compiling.
[2015.02.19-19.02.37:792][370]LogMaterial: Missing cached shader map for material FMatExpressionPreview MaterialExpressionConstant4Vector_0, compiling.
[2015.02.19-19.02.38:475][383]MaterialEditorStats: Info Base pass shader with static lighting: 68 instructions
[2015.02.19-19.02.38:475][383]MaterialEditorStats: Info Base pass shader with only dynamic lighting: 37 instructions
[2015.02.19-19.02.38:475][383]MaterialEditorStats: Info Vertex shader: 31 instructions
[2015.02.19-19.02.38:475][383]MaterialEditorStats: Info Texture samplers: 2/16
[2015.02.19-19.02.40:540][423]LogMaterialEditor: Applying material swannlower
[2015.02.19-19.02.41:816][423]LogMaterial: Missing cached shader map for material PreviewMaterial_2, compiling.
[2015.02.19-19.02.41:903][423]LogMaterial: Missing cached shader map for material swannlower, compiling.
[2015.02.19-19.02.41:939][423]LogMaterial: Missing cached shader map for material swannlower, compiling.
[2015.02.19-19.02.41:955][423]LogMaterial: 0.004985 seconds spent updating 1 materials, 1 interfaces, 0 instances, 0 with static permutations.
[2015.02.19-19.02.44:164][468]MaterialEditorStats: Info Base pass shader with static lighting: 97 instructions
[2015.02.19-19.02.44:164][468]MaterialEditorStats: Info Base pass shader with only dynamic lighting: 66 instructions
[2015.02.19-19.02.44:164][468]MaterialEditorStats: Info Vertex shader: 31 instructions
[2015.02.19-19.02.44:164][468]MaterialEditorStats: Info Texture samplers: 3/16
[2015.02.19-19.02.51:185][614]LogMaterial: Missing cached shader map for material PreviewMaterial_3, compiling.
[2015.02.19-19.02.51:200][614]LogActorComponent: UnregisterComponent: (/Engine/Transient.SkeletalMeshComponent_3) Not registered. Aborting.
[2015.02.19-19.02.51:258][614]LogActorComponent: UnregisterComponent: (/Engine/Transient.SkeletalMeshComponent_3) Not registered. Aborting.
[2015.02.19-19.02.51:259][614]LogActorComponent: RegisterComponentWithWorld: (/Engine/Transient.MaterialEditorMeshComponent_3) Already registered. Aborting.
[2015.02.19-19.02.51:259][614]LogActorComponent: UnregisterComponent: (/Engine/Transient.SkeletalMeshComponent_3) Not registered. Aborting.
[2015.02.19-19.02.51:259][614]LogActorComponent: RegisterComponentWithWorld: (/Engine/Transient.MaterialEditorMeshComponent_3) Already registered. Aborting.
[2015.02.19-19.02.51:261][614]LogMaterial: Missing cached shader map for material PreviewMaterial_3, compiling.
[2015.02.19-19.02.51:289][614]LogMaterial: Missing cached shader map for material FMatExpressionPreview MaterialExpressionVectorParameter_45, compiling.
[2015.02.19-19.02.51:412][614]LogPackageName: SearchForPackageOnDisk took   0.109s to resolve LevelEditor.TutorialLaunchButton
[2015.02.19-19.02.51:412][614]LogUObjectGlobals:Warning: LoadPackage can't find package LevelEditor.TutorialLaunchButton.
[2015.02.19-19.02.51:508][614]LogPackageName: SearchForPackageOnDisk took   0.096s to resolve 
[2015.02.19-19.02.51:508][614]LogUObjectGlobals:Warning: LoadPackage can't find package .
[2015.02.19-19.02.51:983][623]MaterialEditorStats: Info Base pass shader with static lighting: 68 instructions
[2015.02.19-19.02.51:983][623]MaterialEditorStats: Info Base pass shader with only dynamic lighting: 37 instructions
[2015.02.19-19.02.51:983][623]MaterialEditorStats: Info Vertex shader: 31 instructions
[2015.02.19-19.02.51:983][623]MaterialEditorStats: Info Texture samplers: 2/16
[2015.02.19-19.02.55:107][685]LogMaterial: Missing cached shader map for material PreviewMaterial_3, compiling.
[2015.02.19-19.02.55:113][685]LogMaterial: Missing cached shader map for material FMatExpressionPreview MaterialExpressionTextureSample_1, compiling.
[2015.02.19-19.02.55:137][685]LogMaterial: Missing cached shader map for material FMatExpressionPreview MaterialExpressionVectorParameter_45, compiling.
[2015.02.19-19.02.55:139][685]LogMaterial: Missing cached shader map for material FMatExpressionPreview MaterialExpressionTextureSample_1, compiling.
[2015.02.19-19.02.55:932][700]MaterialEditorStats: Info Base pass shader with static lighting: 68 instructions
[2015.02.19-19.02.55:932][700]MaterialEditorStats: Info Base pass shader with only dynamic lighting: 37 instructions
[2015.02.19-19.02.55:932][700]MaterialEditorStats: Info Vertex shader: 31 instructions
[2015.02.19-19.02.55:932][700]MaterialEditorStats: Info Texture samplers: 2/16
[2015.02.19-19.02.57:079][721]LogMaterial: Missing cached shader map for material PreviewMaterial_3, compiling.
[2015.02.19-19.02.57:759][735]MaterialEditorStats: Info Base pass shader with static lighting: 62 instructions
[2015.02.19-19.02.57:759][735]MaterialEditorStats: Info Base pass shader with only dynamic lighting: 34 instructions
[2015.02.19-19.02.57:759][735]MaterialEditorStats: Info Vertex shader: 31 instructions
[2015.02.19-19.02.57:759][735]MaterialEditorStats: Info Texture samplers: 2/16
[2015.02.19-19.02.59:863][824]LogMaterial: Missing cached shader map for material PreviewMaterial_3, compiling.
[2015.02.19-19.02.59:899][824]LogMaterial: Missing cached shader map for material FMatExpressionPreview MaterialExpressionTextureSample_1, compiling.
[2015.02.19-19.03.00:593][838]MaterialEditorStats: Info Base pass shader with static lighting: 69 instructions
[2015.02.19-19.03.00:593][838]MaterialEditorStats: Info Base pass shader with only dynamic lighting: 38 instructions
[2015.02.19-19.03.00:594][838]MaterialEditorStats: Info Vertex shader: 33 instructions
[2015.02.19-19.03.00:594][838]MaterialEditorStats: Info Texture samplers: 3/16
[2015.02.19-19.03.01:663][859]LogMaterialEditor: Applying material swannstair
[2015.02.19-19.03.02:938][859]LogMaterial: Missing cached shader map for material PreviewMaterial_3, compiling.
[2015.02.19-19.03.03:100][859]LogMaterial: Missing cached shader map for material swannstair, compiling.
[2015.02.19-19.03.03:136][859]LogMaterial: Missing cached shader map for material swannstair, compiling.
[2015.02.19-19.03.03:154][859]LogMaterial: 0.005440 seconds spent updating 1 materials, 1 interfaces, 0 instances, 0 with static permutations.
[2015.02.19-19.03.05:371][903]MaterialEditorStats: Info Base pass shader with static lighting: 98 instructions
[2015.02.19-19.03.05:372][903]MaterialEditorStats: Info Base pass shader with only dynamic lighting: 67 instructions
[2015.02.19-19.03.05:372][903]MaterialEditorStats: Info Vertex shader: 33 instructions
[2015.02.19-19.03.05:372][903]MaterialEditorStats: Info Texture samplers: 4/16
[2015.02.19-19.03.23:600][289]LogMaterial: Missing cached shader map for material PreviewMaterial_4, compiling.
[2015.02.19-19.03.23:631][289]LogActorComponent: UnregisterComponent: (/Engine/Transient.SkeletalMeshComponent_4) Not registered. Aborting.
[2015.02.19-19.03.23:691][289]LogActorComponent: UnregisterComponent: (/Engine/Transient.SkeletalMeshComponent_4) Not registered. Aborting.
[2015.02.19-19.03.23:691][289]LogActorComponent: RegisterComponentWithWorld: (/Engine/Transient.MaterialEditorMeshComponent_4) Already registered. Aborting.
[2015.02.19-19.03.23:691][289]LogActorComponent: UnregisterComponent: (/Engine/Transient.SkeletalMeshComponent_4) Not registered. Aborting.
[2015.02.19-19.03.23:691][289]LogActorComponent: RegisterComponentWithWorld: (/Engine/Transient.MaterialEditorMeshComponent_4) Already registered. Aborting.
[2015.02.19-19.03.23:694][289]LogMaterial: Missing cached shader map for material PreviewMaterial_4, compiling.
[2015.02.19-19.03.23:722][289]LogMaterial: Missing cached shader map for material FMatExpressionPreview MaterialExpressionConstant4Vector_0, compiling.
[2015.02.19-19.03.23:819][289]LogPackageName: SearchForPackageOnDisk took   0.088s to resolve LevelEditor.TutorialLaunchButton
[2015.02.19-19.03.23:819][289]LogUObjectGlobals:Warning: LoadPackage can't find package LevelEditor.TutorialLaunchButton.
[2015.02.19-19.03.23:920][289]LogPackageName: SearchForPackageOnDisk took   0.102s to resolve 
[2015.02.19-19.03.23:920][289]LogUObjectGlobals:Warning: LoadPackage can't find package .
[2015.02.19-19.03.24:986][308]MaterialEditorStats: Info Base pass shader with static lighting: 68 instructions
[2015.02.19-19.03.24:986][308]MaterialEditorStats: Info Base pass shader with only dynamic lighting: 37 instructions
[2015.02.19-19.03.24:986][308]MaterialEditorStats: Info Vertex shader: 31 instructions
[2015.02.19-19.03.24:986][308]MaterialEditorStats: Info Texture samplers: 2/16
[2015.02.19-19.03.35:055][518]LogMaterial: Missing cached shader map for material PreviewMaterial_4, compiling.
[2015.02.19-19.03.35:061][518]LogMaterial: Missing cached shader map for material FMatExpressionPreview MaterialExpressionTextureSample_2, compiling.
[2015.02.19-19.03.35:084][518]LogMaterial: Missing cached shader map for material FMatExpressionPreview MaterialExpressionConstant4Vector_0, compiling.
[2015.02.19-19.03.35:086][518]LogMaterial: Missing cached shader map for material FMatExpressionPreview MaterialExpressionTextureSample_2, compiling.
[2015.02.19-19.03.35:808][531]MaterialEditorStats: Info Base pass shader with static lighting: 68 instructions
[2015.02.19-19.03.35:808][531]MaterialEditorStats: Info Base pass shader with only dynamic lighting: 37 instructions
[2015.02.19-19.03.35:808][531]MaterialEditorStats: Info Vertex shader: 31 instructions
[2015.02.19-19.03.35:808][531]MaterialEditorStats: Info Texture samplers: 2/16
[2015.02.19-19.03.37:197][558]LogMaterial: Missing cached shader map for material PreviewMaterial_4, compiling.
[2015.02.19-19.03.37:923][572]MaterialEditorStats: Info Base pass shader with static lighting: 62 instructions
[2015.02.19-19.03.37:923][572]MaterialEditorStats: Info Base pass shader with only dynamic lighting: 34 instructions
[2015.02.19-19.03.37:923][572]MaterialEditorStats: Info Vertex shader: 31 instructions
[2015.02.19-19.03.37:923][572]MaterialEditorStats: Info Texture samplers: 2/16
[2015.02.19-19.03.38:698][607]LogMaterial: Missing cached shader map for material PreviewMaterial_4, compiling.
[2015.02.19-19.03.38:731][607]LogMaterial: Missing cached shader map for material FMatExpressionPreview MaterialExpressionTextureSample_2, compiling.
[2015.02.19-19.03.39:490][623]MaterialEditorStats: Info Base pass shader with static lighting: 69 instructions
[2015.02.19-19.03.39:490][623]MaterialEditorStats: Info Base pass shader with only dynamic lighting: 38 instructions
[2015.02.19-19.03.39:490][623]MaterialEditorStats: Info Vertex shader: 33 instructions
[2015.02.19-19.03.39:490][623]MaterialEditorStats: Info Texture samplers: 3/16
[2015.02.19-19.03.40:751][647]LogMaterialEditor: Applying material swannlower
[2015.02.19-19.03.42:025][647]LogMaterial: Missing cached shader map for material PreviewMaterial_4, compiling.
[2015.02.19-19.03.42:097][647]LogMaterial: Missing cached shader map for material swannlower, compiling.
[2015.02.19-19.03.42:133][647]LogMaterial: Missing cached shader map for material swannlower, compiling.
[2015.02.19-19.03.42:159][647]LogMaterial: 0.014756 seconds spent updating 1 materials, 1 interfaces, 0 instances, 0 with static permutations.
[2015.02.19-19.03.44:374][691]MaterialEditorStats: Info Base pass shader with static lighting: 98 instructions
[2015.02.19-19.03.44:374][691]MaterialEditorStats: Info Base pass shader with only dynamic lighting: 67 instructions
[2015.02.19-19.03.44:374][691]MaterialEditorStats: Info Vertex shader: 33 instructions
[2015.02.19-19.03.44:374][691]MaterialEditorStats: Info Texture samplers: 4/16
[2015.02.19-19.03.54:533][896]LogMaterial: Missing cached shader map for material PreviewMaterial_5, compiling.
[2015.02.19-19.03.54:561][896]LogActorComponent: UnregisterComponent: (/Engine/Transient.SkeletalMeshComponent_5) Not registered. Aborting.
[2015.02.19-19.03.54:620][896]LogActorComponent: UnregisterComponent: (/Engine/Transient.SkeletalMeshComponent_5) Not registered. Aborting.
[2015.02.19-19.03.54:620][896]LogActorComponent: RegisterComponentWithWorld: (/Engine/Transient.MaterialEditorMeshComponent_5) Already registered. Aborting.
[2015.02.19-19.03.54:620][896]LogActorComponent: UnregisterComponent: (/Engine/Transient.SkeletalMeshComponent_5) Not registered. Aborting.
[2015.02.19-19.03.54:620][896]LogActorComponent: RegisterComponentWithWorld: (/Engine/Transient.MaterialEditorMeshComponent_5) Already registered. Aborting.
[2015.02.19-19.03.54:623][896]LogMaterial: Missing cached shader map for material PreviewMaterial_5, compiling.
[2015.02.19-19.03.54:649][896]LogMaterial: Missing cached shader map for material FMatExpressionPreview MaterialExpressionVectorParameter_59, compiling.
[2015.02.19-19.03.54:760][896]LogPackageName: SearchForPackageOnDisk took   0.103s to resolve LevelEditor.TutorialLaunchButton
[2015.02.19-19.03.54:760][896]LogUObjectGlobals:Warning: LoadPackage can't find package LevelEditor.TutorialLaunchButton.
[2015.02.19-19.03.54:869][896]LogPackageName: SearchForPackageOnDisk took   0.109s to resolve 
[2015.02.19-19.03.54:869][896]LogUObjectGlobals:Warning: LoadPackage can't find package .
[2015.02.19-19.03.55:406][905]MaterialEditorStats: Info Base pass shader with static lighting: 68 instructions
[2015.02.19-19.03.55:406][905]MaterialEditorStats: Info Base pass shader with only dynamic lighting: 37 instructions
[2015.02.19-19.03.55:406][905]MaterialEditorStats: Info Vertex shader: 31 instructions
[2015.02.19-19.03.55:406][905]MaterialEditorStats: Info Texture samplers: 2/16
[2015.02.19-19.03.59:203][982]LogMaterial: Missing cached shader map for material PreviewMaterial_5, compiling.
[2015.02.19-19.03.59:209][982]LogMaterial: Missing cached shader map for material FMatExpressionPreview MaterialExpressionTextureSample_3, compiling.
[2015.02.19-19.03.59:232][982]LogMaterial: Missing cached shader map for material FMatExpressionPreview MaterialExpressionVectorParameter_59, compiling.
[2015.02.19-19.03.59:234][982]LogMaterial: Missing cached shader map for material FMatExpressionPreview MaterialExpressionTextureSample_3, compiling.
[2015.02.19-19.03.59:934][995]MaterialEditorStats: Info Base pass shader with static lighting: 68 instructions
[2015.02.19-19.03.59:934][995]MaterialEditorStats: Info Base pass shader with only dynamic lighting: 37 instructions
[2015.02.19-19.03.59:934][995]MaterialEditorStats: Info Vertex shader: 31 instructions
[2015.02.19-19.03.59:935][995]MaterialEditorStats: Info Texture samplers: 2/16
[2015.02.19-19.04.01:144][ 18]LogMaterial: Missing cached shader map for material PreviewMaterial_5, compiling.
[2015.02.19-19.04.01:871][ 33]MaterialEditorStats: Info Base pass shader with static lighting: 62 instructions
[2015.02.19-19.04.01:871][ 33]MaterialEditorStats: Info Base pass shader with only dynamic lighting: 34 instructions
[2015.02.19-19.04.01:871][ 33]MaterialEditorStats: Info Vertex shader: 31 instructions
[2015.02.19-19.04.01:871][ 33]MaterialEditorStats: Info Texture samplers: 2/16
[2015.02.19-19.04.03:925][116]LogMaterial: Missing cached shader map for material PreviewMaterial_5, compiling.
[2015.02.19-19.04.03:952][116]LogMaterial: Missing cached shader map for material FMatExpressionPreview MaterialExpressionTextureSample_3, compiling.
[2015.02.19-19.04.04:711][132]MaterialEditorStats: Info Base pass shader with static lighting: 69 instructions
[2015.02.19-19.04.04:711][132]MaterialEditorStats: Info Base pass shader with only dynamic lighting: 38 instructions
[2015.02.19-19.04.04:711][132]MaterialEditorStats: Info Vertex shader: 33 instructions
[2015.02.19-19.04.04:711][132]MaterialEditorStats: Info Texture samplers: 3/16
[2015.02.19-19.04.05:330][144]LogMaterialEditor: Applying material swannlower2
[2015.02.19-19.04.06:605][144]LogMaterial: Missing cached shader map for material PreviewMaterial_5, compiling.
[2015.02.19-19.04.06:698][144]LogMaterial: Missing cached shader map for material swannlower2, compiling.
[2015.02.19-19.04.06:737][144]LogMaterial: Missing cached shader map for material swannlower2, compiling.
[2015.02.19-19.04.06:754][144]LogMaterial: 0.004646 seconds spent updating 1 materials, 1 interfaces, 0 instances, 0 with static permutations.
[2015.02.19-19.04.17:985][455]LogParticles: Destroying 0 GPU particle simulations for FXSystem 0x000000001DD83BA0
[2015.02.19-19.04.17:985][455]LogParticles: Destroying 0 GPU particle simulations for FXSystem 0x000000002F51EF20
[2015.02.19-19.04.17:986][455]LogParticles: Destroying 0 GPU particle simulations for FXSystem 0x000000002F557A60
[2015.02.19-19.04.17:986][455]LogParticles: Destroying 0 GPU particle simulations for FXSystem 0x000000001D95B4C0
[2015.02.19-19.04.17:986][455]LogParticles: Destroying 0 GPU particle simulations for FXSystem 0x000000001E876B60
[2015.02.19-19.04.17:986][455]LogParticles: Destroying 0 GPU particle simulations for FXSystem 0x000000000C879A80
[2015.02.1