Log file open, 02/10/15 11:25:12
LogInit:Display: Running engine for game: TrailerWhitebox
LogInit: Version: 4.6.1-2386410+++depot+UE4-Releases+4.6
LogInit: API Version: 2369412
LogInit: Compiled (64-bit): Dec 11 2014 21:31:39
LogInit: Compiled with Visual C++: 18.00.21005.01
LogInit: Build Configuration: Development
LogInit: Branch Name: ++depot+UE4-Releases+4.6
LogInit: Command line: 
LogInit: Base directory: C:/Program Files/Unreal Engine/4.6/Engine/Binaries/Win64/
LogInit: Rocket: 1
[2015.02.10-18.25.12:869][  0]LogTaskGraph: Started task graph with 3 named threads and 6 total threads.
[2015.02.10-18.25.12:918][  0]LogOnline:Warning: No default platform service specified for OnlineSubsystem
[2015.02.10-18.25.12:936][  0]LogInit: Presizing for 0 objects not considered by GC, pre-allocating 0 bytes.
[2015.02.10-18.25.12:945][  0]LogInit: Object subsystem initialized
[2015.02.10-18.25.12:950][  0]LogInit: Selected Device Profile: [Windows]
[2015.02.10-18.25.12:950][  0]LogInit: Applying CVar settings loaded from the selected device profile: [Windows]
[2015.02.10-18.25.12:954][  0]LogInit: Computer: TCPC-27
[2015.02.10-18.25.12:954][  0]LogInit: User: u0807920
[2015.02.10-18.25.12:954][  0]LogInit: CPU Page size=4096, Cores=4
[2015.02.10-18.25.12:954][  0]LogInit: High frequency timer resolution =3.906328 MHz
[2015.02.10-18.25.12:954][  0]LogMemory: Memory total: Physical=8.0GB (8GB approx) Virtual=8192.0GB
[2015.02.10-18.25.12:955][  0]LogMemory: Platform Memory Stats for Windows
[2015.02.10-18.25.12:955][  0]LogMemory: Process Physical Memory: 48.59 MB used, 48.59 MB peak
[2015.02.10-18.25.12:955][  0]LogMemory: Process Virtual Memory: 24.17 MB used, 26.50 MB peak
[2015.02.10-18.25.12:955][  0]LogMemory: Physical Memory: 2721.18 MB used, 8173.54 MB total
[2015.02.10-18.25.12:955][  0]LogMemory: Virtual Memory: 265.26 MB used, 8388608.00 MB total
[2015.02.10-18.25.12:982][  0]LogD3D11RHI: Found D3D11 adapter 0: NVIDIA GeForce GT 630 (Feature Level 11_0)
[2015.02.10-18.25.12:982][  0]LogD3D11RHI: Adapter has 978MB of dedicated video memory, 0MB of dedicated system memory, and 3071MB of shared system memory, 1 output[s]
[2015.02.10-18.25.12:982][  0]LogD3D11RHI: Chosen D3D11 Adapter Id = 0
[2015.02.10-18.25.12:988][  0]LogRHI: Texture pool is 684 MB (70% of 978 MB)
[2015.02.10-18.25.12:996][  0]LogD3D11RHI: Async texture creation enabled
[2015.02.10-18.25.13:052][  0]LogTextLocalizationManager: The requested culture ('en_US') has no localization data; parent culture's ('en') localization data will be used.
[2015.02.10-18.25.13:189][  0]LogContentStreaming: Texture pool size is 0.000000MB
[2015.02.10-18.25.18:341][  0]LogTargetPlatformManager:Display: Building Assets For Windows
[2015.02.10-18.25.18:758][  0]LogTargetPlatformManager:Display: Building Assets For Windows
[2015.02.10-18.25.18:808][  0]LogDerivedDataCache:Display: Max Cache Size: 512 MB
[2015.02.10-18.25.18:868][  0]LogDerivedDataCache: Loaded boot cache 0.06s 39MB C:/Users/u0807920/AppData/Local/UnrealEngine/4.6/DerivedDataCache/Boot.ddc.
[2015.02.10-18.25.18:868][  0]LogDerivedDataCache:Display: Loaded Boot cache: C:/Users/u0807920/AppData/Local/UnrealEngine/4.6/DerivedDataCache/Boot.ddc
[2015.02.10-18.25.18:868][  0]LogDerivedDataCache: FDerivedDataBackendGraph:  Pak pak cache file ../../../../../../Users/u0807920/Desktop/TrailerWhitebox/DerivedDataCache/DDC.ddp not found, will not use a pak cache.
[2015.02.10-18.25.18:868][  0]LogDerivedDataCache: Unable to find inner node Pak for hierarchical cache Hierarchy.
[2015.02.10-18.25.18:929][  0]LogDerivedDataCache:Display: Pak cache opened for reading ../../../Engine/DerivedDataCache/DDC.ddp.
[2015.02.10-18.25.18:941][  0]LogDerivedDataCache: Using Local data cache path C:/Users/u0807920/AppData/Local/UnrealEngine/Common/DerivedDataCache: Writable
[2015.02.10-18.25.19:089][  0]LogCollisionProfile:Warning: Profile (UI) - Custom Channel Name = 'Weapon' hasn't been found
[2015.02.10-18.25.19:235][  0]LogMeshUtilities: No automatic mesh reduction module available
[2015.02.10-18.25.19:235][  0]LogMeshUtilities: No automatic mesh merging module available
[2015.02.10-18.25.19:640][  0]LogInit: WinSock: version 1.1 (2.2), MaxSocks=32767, MaxUdp=65467
[2015.02.10-18.25.19:694][  0]LogSlate:Warning: Failed to load font data from '../../../Engine/Content/Slate/Fonts/Roboto-Italic.ttf'
[2015.02.10-18.25.20:647][  0]UdpMessaging: Initializing bridge on interface 0.0.0.0:0 to multicast group 230.0.0.1:6666.
[2015.02.10-18.25.20:798][  0]LogDirectoryWatcher:Warning: Failed to begin reading directory changes for C:/Users/u0807920/Desktop/TrailerWhitebox/Binaries/Win64. Error: 0
[2015.02.10-18.25.20:937][  0]SourceControl: Info Source control is disabled
[2015.02.10-18.25.20:937][  0]SourceControl: Info Source control is disabled
[2015.02.10-18.25.20:944][  0]SourceControl: Info Source control is disabled
[2015.02.10-18.25.21:058][  0]LogObj: 23754 objects as part of root set at end of initial load.
[2015.02.10-18.25.21:058][  0]LogUObjectAllocator: 5168136 out of 0 bytes used by permanent object pool.
[2015.02.10-18.25.21:116][  0]LogEngine: Initializing Engine...
[2015.02.10-18.25.21:264][  0]LogInit: XAudio2 using 'Digital Audio (S/PDIF) (4- High Definition Audio Device)' : 2 channels at 44.1 kHz using 16 bits per sample (channel mask 0x3)
[2015.02.10-18.25.21:296][  0]LogInit: FAudioDevice initialized.
[2015.02.10-18.25.21:314][  0]LogAIModule: Creating AISystem for world NewWorld
[2015.02.10-18.25.21:347][  0]LogDerivedDataCache: Saved boot cache 0.03s 39MB C:/Users/u0807920/AppData/Local/UnrealEngine/4.6/DerivedDataCache/Boot.ddc.
[2015.02.10-18.25.21:357][  0]LogInit: Texture streaming: Enabled
[2015.02.10-18.25.21:382][  0]LogAnalytics: Creating configured Analytics provider AnalyticsET
[2015.02.10-18.25.21:382][  0]LogAnalytics: ET APIKey = Rocket.Release. APIServer = http://et2.epicgames.com/ET2/. AppVersion = 4.6.1-2386410+++depot+UE4-Releases+4.6
[2015.02.10-18.25.21:383][  0]LogAnalytics: SetUserId 4bcc4d1a1af53d7934023d9c6eae8a1f
[2015.02.10-18.25.21:383][  0]LogAnalytics: AnalyticsET::StartSession [Rocket.Release]
[2015.02.10-18.25.21:400][  0]LogInit: Transaction tracking system initialized
[2015.02.10-18.25.21:486][  0]BlueprintLog: New page: Editor Load
[2015.02.10-18.25.21:514][  0]LogAssetRegistry: FAssetRegistry took 0.0098 seconds to start up
[2015.02.10-18.25.21:514][  0]LogDirectoryWatcher:Warning: Failed to begin reading directory changes for ../../../Engine/Plugins/Experimental/CharacterAI/Content/. Error: 0
[2015.02.10-18.25.21:978][  0]LogTargetPlatformManager:Display: Building Assets For Windows
[2015.02.10-18.25.22:311][  0]LogTargetPlatformManager:Display: Building Assets For Windows
[2015.02.10-18.25.24:219][  0]LogConsoleResponse:Display: 
[2015.02.10-18.25.24:262][  0]LogLinker:Warning: Asset '../../../Engine/Content/Functions/Engine_MaterialFunctions03/Procedurals/ComputeFilterWidth.uasset' has been saved with empty engine version. The asset will be loaded but may be incompatible.
[2015.02.10-18.25.24:443][  0]SourceControl: Info Source control is disabled
[2015.02.10-18.25.24:444][  0]Cmd: MAP LOAD FILE="../../../Engine/Content/Maps/Templates/Template_Default.umap" TEMPLATE=1 SHOWPROGRESS=1
[2015.02.10-18.25.24:444][  0]LightingResults: New page: Lighting Build
[2015.02.10-18.25.24:453][  0]MapCheck: New page: Map Check
[2015.02.10-18.25.24:453][  0]LightingResults: New page: Lighting Build
[2015.02.10-18.25.24:463][  0]LogParticles: Destroying 0 GPU particle simulations for FXSystem 0x00000000131C9940
[2015.02.10-18.25.24:768][  0]LogEditorServer: Finished looking for orphan Actors (0.000 secs)
[2015.02.10-18.25.24:768][  0]LogAIModule: Creating AISystem for world Untitled_1
[2015.02.10-18.25.24:768][  0]Cmd: MAP CHECKDEP
[2015.02.10-18.25.24:768][  0]MapCheck: New page: Untitled_1 - Feb 10, 2015, 4:25:24 AM
[2015.02.10-18.25.24:841][  0]MapCheck: Info Map check complete: 0 Error(s), 0 Warning(s), took 72.606ms to complete.
[2015.02.10-18.25.24:841][  0]LogFileHelpers: Loading map 'Template_Default' took 0.397
[2015.02.10-18.25.24:927][  0]LogCollectionManager: Loaded 0 collections in 0.000935 seconds
[2015.02.10-18.25.25:020][  0]LogCrashTracker: Crashtracker disabled due to settings.
[2015.02.10-18.25.25:059][  0]LogLoad: Full Startup: 14.04 seconds (BP compile: 0.05 seconds)
[2015.02.10-18.25.25:189][  0]LogPackageName: SearchForPackageOnDisk took   0.072s to resolve LevelEditor.TutorialLaunchButton
[2015.02.10-18.25.25:189][  0]LogUObjectGlobals:Warning: LoadPackage can't find package LevelEditor.TutorialLaunchButton.
[2015.02.10-18.25.25:259][  0]LogPackageName: SearchForPackageOnDisk took   0.070s to resolve 
[2015.02.10-18.25.25:259][  0]LogUObjectGlobals:Warning: LoadPackage can't find package .
[2015.02.10-18.25.25:361][  0]LogRenderer:Warning: Reallocating scene render targets to support 1136x904.
[2015.02.10-18.25.25:804][  2]LogAssetRegistry: Asset discovery search completed in 4.3003 seconds
[2015.02.10-18.28.36:551][  2]Cmd: BRUSH ADD SELECTNEWBRUSH
[2015.02.10-18.28.36:566][  2]LogInstancedFoliage: Map Rebuilt - Update all BSP painted foliage!
[2015.02.10-18.31.02:733][950]LogInstancedFoliage: Map Rebuilt - Update all BSP painted foliage!
[2015.02.10-18.31.06:273][  9]LogInstancedFoliage: Map Rebuilt - Update all BSP painted foliage!
[2015.02.10-18.31.14:004][134]LogInstancedFoliage: Map Rebuilt - Update all BSP painted foliage!
[2015.02.10-18.31.16:603][176]LogInstancedFoliage: Map Rebuilt - Update all BSP painted foliage!
[2015.02.10-18.31.18:085][201]Cmd: TRANSACTION UNDO
[2015.02.10-18.31.18:085][201]LogEditorTransaction: Undo Move Actors
[2015.02.10-18.31.18:151][201]LogInstancedFoliage: Map Rebuilt - Update all BSP painted foliage!
[2015.02.10-18.31.47:107][670]LogInstancedFoliage: Map Rebuilt - Update all BSP painted foliage!
[2015.02.10-18.31.51:340][740]LogInstancedFoliage: Map Rebuilt - Update all BSP painted foliage!
[2015.02.10-18.31.55:918][815]LogInstancedFoliage: Map Rebuilt - Update all BSP painted foliage!
[2015.02.10-18.32.06:990][996]LogInstancedFoliage: Map Rebuilt - Update all BSP painted foliage!
[2015.02.10-18.32.09:986][ 46]LogInstancedFoliage: Map Rebuilt - Update all BSP painted foliage!
[2015.02.10-18.32.25:737][343]LogInstancedFoliage: Map Rebuilt - Update all BSP painted foliage!
[2015.02.10-18.32.26:768][359]LogEditorViewport: Clicking on Actor (LMB): BP_Sky_Sphere_C (BP_Sky_Shere)
[2015.02.10-18.32.30:429][419]LogEditorViewport: Clicking on Actor (LMB): StaticMeshActor (SM_Template_Map_Floor)
[2015.02.10-18.32.30:441][419]LogPropertyNode:Warning: UI Min (0.001) >= UI Max () for Ranged Numeric
[2015.02.10-18.32.40:537][570]Cmd: DELETE
[2015.02.10-18.32.40:537][570]Cmd: ACTOR DELETE
[2015.02.10-18.32.40:537][570]LogEditorActor: Deleted Actor: StaticMeshActor
[2015.02.10-18.32.40:602][570]LogEditorActor: Deleted 1 Actors (0.064 secs)
[2015.02.10-18.32.43:113][610]Cmd: BRUSH ADD SELECTNEWBRUSH
[2015.02.10-18.32.43:126][610]LogInstancedFoliage: Map Rebuilt - Update all BSP painted foliage!
[2015.02.10-18.32.51:140][743]LogInstancedFoliage: Map Rebuilt - Update all BSP painted foliage!
[2015.02.10-18.32.58:125][859]LogInstancedFoliage: Map Rebuilt - Update all BSP painted foliage!
[2015.02.10-18.33.02:142][923]LogInstancedFoliage: Map Rebuilt - Update all BSP painted foliage!
[2015.02.10-18.33.03:772][949]LogInstancedFoliage: Map Rebuilt - Update all BSP painted foliage!
[2015.02.10-18.33.06:017][985]LogInstancedFoliage: Map Rebuilt - Update all BSP painted foliage!
[2015.02.10-18.33.07:765][ 13]LogInstancedFoliage: Map Rebuilt - Update all BSP painted foliage!
[2015.02.10-18.33.10:303][ 53]LogInstancedFoliage: Map Rebuilt - Update all BSP painted foliage!
[2015.02.10-18.33.13:928][111]LogInstancedFoliage: Map Rebuilt - Update all BSP painted foliage!
[2015.02.10-18.33.15:619][138]LogInstancedFoliage: Map Rebuilt - Update all BSP painted foliage!
[2015.02.10-18.33.16:933][159]LogInstancedFoliage: Map Rebuilt - Update all BSP painted foliage!
[2015.02.10-18.33.19:336][197]LogInstancedFoliage: Map Rebuilt - Update all BSP painted foliage!
[2015.02.10-18.33.34:951][449]LogInstancedFoliage: Map Rebuilt - Update all BSP painted foliage!
[2015.02.10-18.33.39:439][523]LogInstancedFoliage: Map Rebuilt - Update all BSP painted foliage!
[2015.02.10-18.33.44:734][607]LogEditorViewport: Clicking on Actor (LMB): Brush (Box Brush2)
[2015.02.10-18.34.19:766][176]LogInstancedFoliage: Map Rebuilt - Update all BSP painted foliage!
[2015.02.10-18.34.36:007][441]LogEditorViewport: Clicking on Actor (LMB): BP_Sky_Sphere_C (BP_Sky_Shere)
[2015.02.10-18.34.46:852][535]Cmd: BRUSH ADD SELECTNEWBRUSH
[2015.02.10-18.34.46:871][535]LogInstancedFoliage: Map Rebuilt - Update all BSP painted foliage!
[2015.02.10-18.34.53:543][644]LogInstancedFoliage: Map Rebuilt - Update all BSP painted foliage!
[2015.02.10-18.34.55:778][680]LogInstancedFoliage: Map Rebuilt - Update all BSP painted foliage!
[2015.02.10-18.35.05:699][839]LogInstancedFoliage: Map Rebuilt - Update all BSP painted foliage!
[2015.02.10-18.35.08:379][882]LogUObjectHash:Warning: Ambiguous search, could be Model /Temp/Untitled_1.Untitled_1:PersistentLevel.CylinderBrush2.Model_8 or Model /Temp/Untitled_1.Untitled_1:PersistentLevel.CylinderBrush.Model_8
[2015.02.10-18.35.08:974][891]LogInstancedFoliage: Map Rebuilt - Update all BSP painted foliage!
[2015.02.10-18.35.09:290][897]Cmd: TRANSACTION UNDO
[2015.02.10-18.35.09:290][897]LogEditorTransaction: Undo Move Actors
[2015.02.10-18.35.09:435][897]LogInstancedFoliage: Map Rebuilt - Update all BSP painted foliage!
[2015.02.10-18.35.11:501][928]LogInstancedFoliage: Map Rebuilt - Update all BSP painted foliage!
[2015.02.10-18.35.17:046][ 17]LogInstancedFoliage: Map Rebuilt - Update all BSP painted foliage!
[2015.02.10-18.35.22:290][102]LogInstancedFoliage: Map Rebuilt - Update all BSP painted foliage!
[2015.02.10-18.35.29:293][212]LogInstancedFoliage: Map Rebuilt - Update all BSP painted foliage!
[2015.02.10-18.35.30:960][239]LogEditorViewport: Clicking on Actor (LMB): BP_Sky_Sphere_C (BP_Sky_Shere)
[2015.02.10-18.35.31:495][244]Cmd: OBJ SAVEPACKAGE PACKAGE="/Temp/Untitled_1" FILE="../../../../../../Users/u0807920/Desktop/TrailerWhitebox/Saved/Autosaves/Temp/Untitled_1_Auto1.umap" SILENT=true AUTOSAVING=true KEEPDIRTY=false
[2015.02.10-18.35.31:522][244]LogSavePackage: Save=26.570477ms
[2015.02.10-18.35.31:522][244]LogSavePackage: Moving '../../../../../../Users/u0807920/Desktop/TrailerWhitebox/Saved/Untitled_1_Auto1ECA5C708439111302A25D0A4E9798638.tmp' to '../../../../../../Users/u0807920/Desktop/TrailerWhitebox/Saved/Autosaves/Temp/Untitled_1_Auto1.umap'
[2015.02.10-18.35.31:527][244]LogFileHelpers: Editor autosave (incl. sublevels) for '/Temp/Untitled_1' took 0.054
[2015.02.10-18.35.31:527][244]LogFileHelpers: Editor autosave (incl. sublevels) for all levels took 0.054
[2015.02.10-18.35.47:402][501]LogInstancedFoliage: Map Rebuilt - Update all BSP painted foliage!
[2015.02.10-18.35.50:587][550]LogInstancedFoliage: Map Rebuilt - Update all BSP painted foliage!
[2015.02.10-18.37.33:163][ 10]Cmd: BRUSH ADD SELECTNEWBRUSH
[2015.02.10-18.37.33:183][ 10]LogInstancedFoliage: Map Rebuilt - Update all BSP painted foliage!
[2015.02.10-18.37.36:456][ 62]LogInstancedFoliage: Map Rebuilt - Update all BSP painted foliage!
[2015.02.10-18.37.54:834][380]LogInstancedFoliage: Map Rebuilt - Update all BSP painted foliage!
[2015.02.10-18.38.04:533][535]LogInstancedFoliage: Map Rebuilt - Update all BSP painted foliage!
[2015.02.10-18.38.10:979][639]LogInstancedFoliage: Map Rebuilt - Update all BSP painted foliage!
[2015.02.10-18.38.21:575][807]LogInstancedFoliage: Map Rebuilt - Update all BSP painted foliage!
[2015.02.10-18.38.22:942][828]LogEditorViewport: Clicking on Actor (LMB): BP_Sky_Sphere_C (BP_Sky_Shere)
[2015.02.10-18.38.35:330][ 26]LogInstancedFoliage: Map Rebuilt - Update all BSP painted foliage!
[2015.02.10-18.38.38:286][ 73]LogInstancedFoliage: Map Rebuilt - Update all BSP painted foliage!
[2015.02.10-18.39.12:811][634]LogInstancedFoliage: Map Rebuilt - Update all BSP painted foliage!
[2015.02.10-18.39.16:697][698]LogInstancedFoliage: Map Rebuilt - Update all BSP painted foliage!
[2015.02.10-18.39.26:110][850]LogInstancedFoliage: Map Rebuilt - Update all BSP painted foliage!
[2015.02.10-18.39.32:334][950]LogInstancedFoliage: Map Rebuilt - Update all BSP painted foliage!
[2015.02.10-18.39.34:890][991]LogInstancedFoliage: Map Rebuilt - Update all BSP painted foliage!
[2015.02.10-18.39.44:064][139]LogInstancedFoliage: Map Rebuilt - Update all BSP painted foliage!
[2015.02.10-18.39.47:716][198]LogInstancedFoliage: Map Rebuilt - Update all BSP painted foliage!
[2015.02.10-18.40.09:770][433]LogSynthBenchmark:Display: FSynthBenchmark (V0.95):  requested WorkScale=1.00
[2015.02.10-18.40.09:770][433]LogSynthBenchmark:Display: ===============
[2015.02.10-18.40.09:770][433]LogSynthBenchmark:Display: Main Processor:
[2015.02.10-18.40.09:822][433]LogSynthBenchmark:Display:          ... 0.027668 s/Run 'RayIntersect'
[2015.02.10-18.40.09:822][433]LogSynthBenchmark:Display:          ... 0.024197 s/Run 'Fractal'
[2015.02.10-18.40.09:822][433]LogSynthBenchmark:Display: 
[2015.02.10-18.40.09:822][433]LogSynthBenchmark:Display:   CompiledTarget_x_Bits: 64
[2015.02.10-18.40.09:822][433]LogSynthBenchmark:Display:   UE_BUILD_SHIPPING: 0
[2015.02.10-18.40.09:822][433]LogSynthBenchmark:Display:   UE_BUILD_TEST: 0
[2015.02.10-18.40.09:822][433]LogSynthBenchmark:Display:   UE_BUILD_DEBUG: 0
[2015.02.10-18.40.09:822][433]LogSynthBenchmark:Display:   TotalPhysicalGBRam: 8
[2015.02.10-18.40.09:822][433]LogSynthBenchmark:Display:   NumberOfCores (physical): 4
[2015.02.10-18.40.09:822][433]LogSynthBenchmark:Display:   NumberOfCores (logical): 8
[2015.02.10-18.40.09:822][433]LogSynthBenchmark:Display:   CPU Perf Index 0: 92.6
[2015.02.10-18.40.09:822][433]LogSynthBenchmark:Display:   CPU Perf Index 1: 118.2
[2015.02.10-18.40.09:822][433]LogSynthBenchmark:Display:  
[2015.02.10-18.40.09:822][433]LogSynthBenchmark:Display: Graphics:
[2015.02.10-18.40.09:822][433]LogSynthBenchmark:Display:   Adapter Name: 'NVIDIA GeForce GT 630'
[2015.02.10-18.40.09:822][433]LogSynthBenchmark:Display:   (On Optimus the name might be wrong, memory should be ok)
[2015.02.10-18.40.09:822][433]LogSynthBenchmark:Display:   Vendor Id: 0x10de
[2015.02.10-18.40.09:822][433]LogSynthBenchmark:Display:   GPU Memory: 979/0/3072 MB
[2015.02.10-18.40.09:844][433]LogSynthBenchmark:Display:   GPU first test: 0.01s
[2015.02.10-18.40.09:844][433]LogSynthBenchmark:Display:          ... 0.528 GigaPix/s, Confidence=100% 'ALUHeavyNoise' (likely to be very inaccurate)
[2015.02.10-18.40.09:844][433]LogSynthBenchmark:Display:          ... 0.530 GigaPix/s, Confidence=100% 'TexHeavy' (likely to be very inaccurate)
[2015.02.10-18.40.09:844][433]LogSynthBenchmark:Display:          ... 0.372 GigaPix/s, Confidence=100% 'DepTexHeavy' (likely to be very inaccurate)
[2015.02.10-18.40.09:844][433]LogSynthBenchmark:Display:          ... 1.397 GigaPix/s, Confidence=100% 'FillOnly' (likely to be very inaccurate)
[2015.02.10-18.40.09:844][433]LogSynthBenchmark:Display:          ... 0.100 GigaPix/s, Confidence=100% 'Bandwidth' (likely to be very inaccurate)
[2015.02.10-18.40.09:966][433]LogSynthBenchmark:Display:   GPU second test: 0.12s
[2015.02.10-18.40.09:966][433]LogSynthBenchmark:Display:          ... 0.665 GigaPix/s, Confidence=100% 'ALUHeavyNoise' (likely to be inaccurate)
[2015.02.10-18.40.09:966][433]LogSynthBenchmark:Display:          ... 0.709 GigaPix/s, Confidence=100% 'TexHeavy' (likely to be inaccurate)
[2015.02.10-18.40.09:966][433]LogSynthBenchmark:Display:          ... 0.388 GigaPix/s, Confidence=100% 'DepTexHeavy' (likely to be inaccurate)
[2015.02.10-18.40.09:966][433]LogSynthBenchmark:Display:          ... 2.440 GigaPix/s, Confidence=100% 'FillOnly' (likely to be inaccurate)
[2015.02.10-18.40.09:966][433]LogSynthBenchmark:Display:          ... 0.099 GigaPix/s, Confidence=100% 'Bandwidth' (likely to be inaccurate)
[2015.02.10-18.40.09:966][433]LogSynthBenchmark:Display:          ... 0.665 GigaPix/s, Confidence=100% 'ALUHeavyNoise'
[2015.02.10-18.40.09:966][433]LogSynthBenchmark:Display:          ... 0.709 GigaPix/s, Confidence=100% 'TexHeavy'
[2015.02.10-18.40.09:966][433]LogSynthBenchmark:Display:          ... 0.388 GigaPix/s, Confidence=100% 'DepTexHeavy'
[2015.02.10-18.40.09:966][433]LogSynthBenchmark:Display:          ... 2.440 GigaPix/s, Confidence=100% 'FillOnly'
[2015.02.10-18.40.09:966][433]LogSynthBenchmark:Display:          ... 0.099 GigaPix/s, Confidence=100% 'Bandwidth'
[2015.02.10-18.40.09:966][433]LogSynthBenchmark:Display: 
[2015.02.10-18.40.09:966][433]LogSynthBenchmark:Display:   GPU Perf Index 0: 14.5
[2015.02.10-18.40.09:966][433]LogSynthBenchmark:Display:   GPU Perf Index 1: 9.5
[2015.02.10-18.40.09:966][433]LogSynthBenchmark:Display:   GPU Perf Index 2: 10.1
[2015.02.10-18.40.09:966][433]LogSynthBenchmark:Display:   GPU Perf Index 3: 9.6
[2015.02.10-18.40.09:966][433]LogSynthBenchmark:Display:   GPU Perf Index 4: 9.2
[2015.02.10-18.40.09:966][433]LogSynthBenchmark:Display:   CPUIndex: 92.6
[2015.02.10-18.40.09:966][433]LogSynthBenchmark:Display:   GPUIndex: 14.5
[2015.02.10-18.40.09:966][433]LogSynthBenchmark:Display: 
[2015.02.10-18.40.09:966][433]LogSynthBenchmark:Display:          ... Total Time: 0.196346 sec
[2015.02.10-18.40.09:967][433]LogConsoleManager:Warning: Console variable 'r.Streaming.PoolSize' wasn't set (Priority Code < Scalability)
[2015.02.10-18.40.09:967][433]LogConsoleManager:Warning: Console variable 'r.MaterialQualityLevel' wasn't set (Priority Console < Scalability)
[2015.02.10-18.40.09:969][433]LogConsoleManager:Warning: Console variable 'r.Streaming.PoolSize' wasn't set (Priority Code < Scalability)
[2015.02.10-18.40.09:969][433]LogConsoleManager:Warning: Console variable 'r.MaterialQualityLevel' wasn't set (Priority Console < Scalability)
[2015.02.10-18.40.09:986][434]LogRenderer:Warning: Reallocating scene render targets to support 1136x904.
[2015.02.10-18.40.14:819][801]LogInstancedFoliage: Map Rebuilt - Update all BSP painted foliage!
[2015.02.10-18.40.17:130][971]LogEditorViewport: Clicking on Actor (LMB): BP_Sky_Sphere_C (BP_Sky_Shere)
[2015.02.10-18.40.25:918][544]LogEditorViewport: Clicking on Actor (LMB): BP_Sky_Sphere_C (BP_Sky_Shere)
[2015.02.10-18.42.19:124][126]LogInstancedFoliage: Map Rebuilt - Update all BSP painted foliage!
[2015.02.10-18.42.25:708][480]LogInstancedFoliage: Map Rebuilt - Update all BSP painted foliage!
[2015.02.10-18.42.26:016][503]Cmd: TRANSACTION UNDO
[2015.02.10-18.42.26:016][503]LogEditorTransaction: Undo Move Actors
[2015.02.10-18.42.26:130][503]LogInstancedFoliage: Map Rebuilt - Update all BSP painted foliage!
[2015.02.10-18.42.28:873][641]LogInstancedFoliage: Map Rebuilt - Update all BSP painted foliage!
[2015.02.10-18.42.31:235][788]LogInstancedFoliage: Map Rebuilt - Update all BSP painted foliage!
[2015.02.10-18.42.32:400][876]Cmd: TRANSACTION UNDO
[2015.02.10-18.42.32:400][876]LogEditorTransaction: Undo Move Actors
[2015.02.10-18.42.32:508][876]LogInstancedFoliage: Map Rebuilt - Update all BSP painted foliage!
[2015.02.10-18.42.35:706][ 33]LogInstancedFoliage: Map Rebuilt - Update all BSP painted foliage!
[2015.02.10-18.42.36:044][ 57]Cmd: TRANSACTION UNDO
[2015.02.10-18.42.36:044][ 57]LogEditorTransaction: Undo Move Actors
[2015.02.10-18.42.36:142][ 57]LogInstancedFoliage: Map Rebuilt - Update all BSP painted foliage!
[2015.02.10-18.42.38:237][155]LogEditorViewport: Clicking on Actor (LMB): BP_Sky_Sphere_C (BP_Sky_Shere)
[2015.02.10-18.42.41:704][359]LogInstancedFoliage: Map Rebuilt - Update all BSP painted foliage!
[2015.02.10-18.42.47:841][694]LogInstancedFoliage: Map Rebuilt - Update all BSP painted foliage!
[2015.02.10-18.43.06:703][891]LogEditorViewport: Clicking on Actor (LMB): BP_Sky_Sphere_C (BP_Sky_Shere)
[2015.02.10-18.43.12:245][259]Cmd: ACTOR SELECT ALL
[2015.02.10-18.43.27:441][ 73]LogMaterial: Missing cached shader map for material PreviewMaterial_0, compiling.
[2015.02.10-18.43.27:472][ 73]LogActorComponent: UnregisterComponent: (/Engine/Transient.SkeletalMeshComponent_0) Not registered. Aborting.
[2015.02.10-18.43.27:513][ 73]LogActorComponent: UnregisterComponent: (/Engine/Transient.SkeletalMeshComponent_0) Not registered. Aborting.
[2015.02.10-18.43.27:513][ 73]LogActorComponent: RegisterComponentWithWorld: (/Engine/Transient.MaterialEditorMeshComponent_0) Already registered. Aborting.
[2015.02.10-18.43.27:515][ 73]LogMaterial: Missing cached shader map for material PreviewMaterial_0, compiling.
[2015.02.10-18.43.27:638][ 73]LogPackageName: SearchForPackageOnDisk took   0.091s to resolve LevelEditor.TutorialLaunchButton
[2015.02.10-18.43.27:638][ 73]LogUObjectGlobals:Warning: LoadPackage can't find package LevelEditor.TutorialLaunchButton.
[2015.02.10-18.43.27:725][ 73]LogPackageName: SearchForPackageOnDisk took   0.087s to resolve 
[2015.02.10-18.43.27:725][ 73]LogUObjectGlobals:Warning: LoadPackage can't find package .
[2015.02.10-18.43.28:873][119]MaterialEditorStats: Info Base pass shader with only dynamic lighting: 34 instructions
[2015.02.10-18.43.28:873][119]MaterialEditorStats: Info Vertex shader: 31 instructions
[2015.02.10-18.43.28:873][119]MaterialEditorStats: Info Texture samplers: 0/16
[2015.02.10-18.43.36:591][491]LogMaterial: Missing cached shader map for material PreviewMaterial_0, compiling.
[2015.02.10-18.43.36:596][491]LogMaterial: Missing cached shader map for material FMatExpressionPreview MaterialExpressionConstant3Vector_0, compiling.
[2015.02.10-18.43.37:203][519]MaterialEditorStats: Info Base pass shader with only dynamic lighting: 34 instructions
[2015.02.10-18.43.37:203][519]MaterialEditorStats: Info Vertex shader: 31 instructions
[2015.02.10-18.43.37:203][519]MaterialEditorStats: Info Texture samplers: 0/16
[2015.02.10-18.43.40:514][678]LogMaterial: Missing cached shader map for material PreviewMaterial_0, compiling.
[2015.02.10-18.43.40:544][678]LogMaterial: Missing cached shader map for material FMatExpressionPreview MaterialExpressionConstant3Vector_0, compiling.
[2015.02.10-18.43.41:116][706]MaterialEditorStats: Info Base pass shader with only dynamic lighting: 34 instructions
[2015.02.10-18.43.41:117][706]MaterialEditorStats: Info Vertex shader: 31 instructions
[2015.02.10-18.43.41:117][706]MaterialEditorStats: Info Texture samplers: 0/16
[2015.02.10-18.43.42:862][782]LogPackageName: SearchForPackageOnDisk took   0.071s to resolve LevelEditor.TutorialLaunchButton
[2015.02.10-18.43.42:862][782]LogUObjectGlobals:Warning: LoadPackage can't find package LevelEditor.TutorialLaunchButton.
[2015.02.10-18.43.42:933][782]LogPackageName: SearchForPackageOnDisk took   0.071s to resolve 
[2015.02.10-18.43.42:933][782]LogUObjectGlobals:Warning: LoadPackage can't find package .
[2015.02.10-18.43.47:086][967]LogMaterial: Missing cached shader map for material PreviewMaterial_0, compiling.
[2015.02.10-18.43.47:116][967]LogMaterial: Missing cached shader map for material FMatExpressionPreview MaterialExpressionConstant3Vector_0, compiling.
[2015.02.10-18.43.47:686][991]MaterialEditorStats: Info Base pass shader with only dynamic lighting: 36 instructions
[2015.02.10-18.43.47:686][991]MaterialEditorStats: Info Vertex shader: 31 instructions
[2015.02.10-18.43.47:686][991]MaterialEditorStats: Info Texture samplers: 0/16
[2015.02.10-18.43.50:713][132]LogMaterialEditor: Saving and Compiling material NewMaterial
[2015.02.10-18.43.51:982][132]LogMaterial: Missing cached shader map for material PreviewMaterial_0, compiling.
[2015.02.10-18.43.52:105][132]LogMaterial: Missing cached shader map for material NewMaterial, compiling.
[2015.02.10-18.43.52:125][132]LogMaterial: Missing cached shader map for material NewMaterial, compiling.
[2015.02.10-18.43.52:132][132]LogMaterial: 0.001221 seconds spent updating 1 materials, 1 interfaces, 0 instances, 0 with static permutations.
[2015.02.10-18.43.53:774][132]Cmd: OBJ SAVEPACKAGE PACKAGE="/Game/NewMaterial" FILE="../../../../../../Users/u0807920/Desktop/TrailerWhitebox/Content/NewMaterial.uasset" SILENT=true
[2015.02.10-18.43.54:050][132]LogSavePackage: Save=274.498718ms
[2015.02.10-18.43.54:050][132]LogSavePackage: Moving '../../../../../../Users/u0807920/Desktop/TrailerWhitebox/Saved/NewMaterial06C4487A4C1DF6B34341A393DB94B443.tmp' to '../../../../../../Users/u0807920/Desktop/TrailerWhitebox/Content/NewMaterial.uasset'
[2015.02.10-18.43.54:077][133]MaterialEditorStats: Info Base pass shader with only dynamic lighting: 65 instructions
[2015.02.10-18.43.54:077][133]MaterialEditorStats: Info Vertex shader: 31 instructions
[2015.02.10-18.43.54:077][133]MaterialEditorStats: Info Texture samplers: 3/16
[2015.02.10-18.43.57:095][303]LogEditorViewport: Clicking on Actor (LMB): BP_Sky_Sphere_C (BP_Sky_Shere)
[2015.02.10-18.44.17:977][585]LogInstancedFoliage: Map Rebuilt - Update all BSP painted foliage!
[2015.02.10-18.44.18:487][624]Cmd: TRANSACTION UNDO
[2015.02.10-18.44.18:487][624]LogEditorTransaction: Undo Move Actors
[2015.02.10-18.44.18:604][624]LogInstancedFoliage: Map Rebuilt - Update all BSP painted foliage!
[2015.02.10-18.44.38:065][144]LogEditorViewport: Clicking on Actor (LMB): BP_Sky_Sphere_C (BP_Sky_Shere)
[2015.02.10-18.45.31:858][338]LogParticles: Destroying 0 GPU particle simulations for FXSystem 0x0000000011D4FC40
[2015.02.10-18.45.31:893][338]Cmd: OBJ SAVEPACKAGE PACKAGE="/Temp/Untitled_1" FILE="../../../../../../Users/u0807920/Desktop/TrailerWhitebox/Saved/Autosaves/Temp/Untitled_1_Auto2.umap" SILENT=true AUTOSAVING=true KEEPDIRTY=false
[2015.02.10-18.45.31:930][338]LogSavePackage: Save=26.705643ms
[2015.02.10-18.45.31:930][338]LogSavePackage: Moving '../../../../../../Users/u0807920/Desktop/TrailerWhitebox/Saved/Untitled_1_Auto2443F6D524691AAABBFFBAEB40F470A7E.tmp' to '../../../../../../Users/u0807920/Desktop/TrailerWhitebox/Saved/Autosaves/Temp/Untitled_1_Auto2.umap'
[2015.02.10-18.45.31:936][338]LogFileHelpers: Editor autosave (incl. sublevels) for '/Temp/Untitled_1' took 0.092
[2015.02.10-18.45.31:936][338]LogFileHelpers: Editor autosave (incl. sublevels) for all levels took 0.092
[2015.02.10-18.45.45:755][385]LogInstancedFoliage: Map Rebuilt - Update all BSP painted foliage!
[2015.02.10-18.45.48:496][591]LogInstancedFoliage: Map Rebuilt - Update all BSP painted foliage!
[2015.02.10-18.45.51:908][842]LogInstancedFoliage: Map Rebuilt - Update all BSP painted foliage!
[2015.02.10-18.45.54:895][ 46]LogInstancedFoliage: Map Rebuilt - Update all BSP painted foliage!
[2015.02.10-18.45.55:816][114]Cmd: TRANSACTION UNDO
[2015.02.10-18.45.55:816][114]LogEditorTransaction: Undo Move Actors
[2015.02.10-18.45.55:875][114]LogInstancedFoliage: Map Rebuilt - Update all BSP painted foliage!
[2015.02.10-18.45.59:723][386]LogInstancedFoliage: Map Rebuilt - Update all BSP painted foliage!
[2015.02.10-18.46.02:637][592]LogInstancedFoliage: Map Rebuilt - Update all BSP painted foliage!
[2015.02.10-18.46.03:940][687]LogInstancedFoliage: Map Rebuilt - Update all BSP painted foliage!
[2015.02.10-18.46.05:291][789]LogEditorViewport: Clicking on Actor (LMB): BP_Sky_Sphere_C (BP_Sky_Shere)
[2015.02.10-18.46.11:172][156]LogInstancedFoliage: Map Rebuilt - Update all BSP painted foliage!
[2015.02.10-18.46.39:343][185]LogEditorViewport: Clicking on Actor (LMB): BP_Sky_Sphere_C (BP_Sky_Shere)
[2015.02.10-18.46.44:753][575]LogEditorViewport: Clicking on Actor (LMB): BP_Sky_Sphere_C (BP_Sky_Shere)
[2015.02.10-18.46.53:838][220]LogOutputDevice: === Handled error: ===

Ensure condition failed: MyWidgetPath.IsValid() [File:D:\BuildFarm\buildmachine_++depot+UE4-Releases+4.6\Engine\Source\Runtime\Slate\Private\Widgets\Input\SMenuAnchor.cpp] [Line: 256]

Stack: 
UE4Editor-Core.dll!UnknownFunction (0x000007fee6b24776) + 0 bytes [UnknownFile:0]
UE4Editor-Core.dll!UnknownFunction (0x000007fee69a2e98) + 0 bytes [UnknownFile:0]
UE4Editor-Slate.dll!UnknownFunction (0x000007fee3482624) + 0 bytes [UnknownFile:0]
UE4Editor-Slate.dll!UnknownFunction (0x000007fee348120b) + 0 bytes [UnknownFile:0]
UE4Editor-PropertyEditor.dll!UnknownFunction (0x000007fedfd1ea3b) + 0 bytes [UnknownFile:0]
UE4Editor-PropertyEditor.dll!UnknownFunction (0x000007fedfc4d2a7) + 0 bytes [UnknownFile:0]
UE4Editor-PropertyEditor.dll!UnknownFunction (0x000007fedfc0411d) + 0 bytes [UnknownFile:0]
UE4Editor-PropertyEditor.dll!UnknownFunction (0x000007fedfc70230) + 0 bytes [UnknownFile:0]
UE4Editor-PropertyEditor.dll!UnknownFunction (0x000007fedfd1b08b) + 0 bytes [UnknownFile:0]
UE4Editor-PropertyEditor.dll!UnknownFunction (0x000007fedfc94be4) + 0 bytes [UnknownFile:0]
UE4Editor-PropertyEditor.dll!UnknownFunction (0x000007fedfc99d46) + 0 bytes [UnknownFile:0]
UE4Editor-Slate.dll!UnknownFunction (0x000007fee33b68a3) + 0 bytes [UnknownFile:0]
UE4Editor-Slate.dll!UnknownFunction (0x000007fee33bb058) + 0 bytes [UnknownFile:0]
UE4Editor-Slate.dll!UnknownFunction (0x000007fee333b747) + 0 bytes [UnknownFile:0]
UE4Editor-Slate.dll!UnknownFunction (0x000007fee333d299) + 0 bytes [UnknownFile:0]
UE4Editor-Slate.dll!UnknownFunction (0x000007fee339e419) + 0 bytes [UnknownFile:0]
UE4Editor-Slate.dll!UnknownFunction (0x000007fee3444b9a) + 0 bytes [UnknownFile:0]
UE4Editor-Slate.dll!UnknownFunction (0x000007fee3470a73) + 0 bytes [UnknownFile:0]
UE4Editor-Slate.dll!UnknownFunction (0x000007fee32a97bc) + 0 bytes [UnknownFile:0]
UE4Editor-Slate.dll!UnknownFunction (0x000007fee3267347) + 0 bytes [UnknownFile:0]
UE4Editor-Slate.dll!UnknownFunction (0x000007fee330b2e0) + 0 bytes [UnknownFile:0]
UE4Editor-Slate.dll!UnknownFunction (0x000007fee32fc226) + 0 bytes [UnknownFile:0]
UE4Editor-Core.dll!UnknownFunction (0x000007fee6a8e9e9) + 0 bytes [UnknownFile:0]
UE4Editor-Core.dll!UnknownFunction (0x000007fee6a7a1fb) + 0 bytes [UnknownFile:0]
UE4Editor-Core.dll!UnknownFunction (0x000007fee6a8fbbb) + 0 bytes [UnknownFile:0]
UE4Editor-Core.dll!UnknownFunction (0x000007fee6a76cf2) + 0 bytes [UnknownFile:0]
USER32.dll!UnknownFunction (0x0000000077389bd1) + 0 bytes [UnknownFile:0]
USER32.dll!UnknownFunction (0x00000000773898da) + 0 bytes [UnknownFile:0]
UE4Editor-Core.dll!UnknownFunction (0x000007fee6a90076) + 0 bytes [UnknownFile:0]
UE4Editor.exe!FEngineLoop::Tick() (0x000000013f3ccbda) + 8 bytes [d:\buildfarm\buildmachine_++depot+ue4-releases+4.6\engine\source\runtime\launch\private\launchengineloop.cpp:2193]
UE4Editor.exe!GuardedMain() (0x000000013f3c089f) + 0 bytes [d:\buildfarm\buildmachine_++depot+ue4-releases+4.6\engine\source\runtime\launch\private\launch.cpp:131]
UE4Editor.exe!GuardedMainWrapper() (0x000000013f3c090a) + 5 bytes [d:\buildfarm\buildmachine_++depot+ue4-releases+4.6\engine\source\runtime\launch\private\windows\launchwindows.cpp:126]
UE4Editor.exe!WinMain() (0x000000013f3ce3d9) + 17 bytes [d:\buildfarm\buildmachine_++depot+ue4-releases+4.6\engine\source\runtime\launch\private\windows\launchwindows.cpp:202]
UE4Editor.exe!__tmainCRTStartup() (0x000000013f3cf319) + 21 bytes [f:\dd\vctools\crt\crtw32\dllstuff\crtexe.c:618]
kernel32.dll!UnknownFunction (0x00000000771059ed) + 0 bytes [UnknownFile:0]
ntdll.dll!UnknownFunction (0x000000007781c541) + 0 bytes [UnknownFile:0]
ntdll.dll!UnknownFunction (0x000000007781c541) + 0 bytes [UnknownFile:0]

[2015.02.10-18.46.59:559][324]LogMaterial: Missing cached shader map for material PreviewMaterial_1, compiling.
[2015.02.10-18.46.59:576][324]LogActorComponent: UnregisterComponent: (/Engine/Transient.SkeletalMeshComponent_1) Not registered. Aborting.
[2015.02.10-18.46.59:610][324]LogActorComponent: UnregisterComponent: (/Engine/Transient.SkeletalMeshComponent_1) Not registered. Aborting.
[2015.02.10-18.46.59:610][324]LogActorComponent: RegisterComponentWithWorld: (/Engine/Transient.MaterialEditorMeshComponent_1) Already registered. Aborting.
[2015.02.10-18.46.59:610][324]LogActorComponent: UnregisterComponent: (/Engine/Transient.SkeletalMeshComponent_1) Not registered. Aborting.
[2015.02.10-18.46.59:610][324]LogActorComponent: RegisterComponentWithWorld: (/Engine/Transient.MaterialEditorMeshComponent_1) Already registered. Aborting.
[2015.02.10-18.46.59:612][324]LogMaterial: Missing cached shader map for material PreviewMaterial_1, compiling.
[2015.02.10-18.46.59:733][324]LogPackageName: SearchForPackageOnDisk took   0.089s to resolve LevelEditor.TutorialLaunchButton
[2015.02.10-18.46.59:733][324]LogUObjectGlobals:Warning: LoadPackage can't find package LevelEditor.TutorialLaunchButton.
[2015.02.10-18.46.59:821][324]LogPackageName: SearchForPackageOnDisk took   0.088s to resolve 
[2015.02.10-18.46.59:821][324]LogUObjectGlobals:Warning: LoadPackage can't find package .
[2015.02.10-18.47.00:804][366]MaterialEditorStats: Info Base pass shader with only dynamic lighting: 34 instructions
[2015.02.10-18.47.00:804][366]MaterialEditorStats: Info Vertex shader: 31 instructions
[2015.02.10-18.47.00:804][366]MaterialEditorStats: Info Texture samplers: 0/16
[2015.02.10-18.47.05:538][593]LogMaterial: Missing cached shader map for material PreviewMaterial_1, compiling.
[2015.02.10-18.47.05:543][593]LogMaterial: Missing cached shader map for material FMatExpressionPreview MaterialExpressionConstant3Vector_1, compiling.
[2015.02.10-18.47.06:120][620]MaterialEditorStats: Info Base pass shader with only dynamic lighting: 34 instructions
[2015.02.10-18.47.06:121][620]MaterialEditorStats: Info Vertex shader: 31 instructions
[2015.02.10-18.47.06:121][620]MaterialEditorStats: Info Texture samplers: 0/16
[2015.02.10-18.47.07:247][667]LogPackageName: SearchForPackageOnDisk took   0.071s to resolve LevelEditor.TutorialLaunchButton
[2015.02.10-18.47.07:247][667]LogUObjectGlobals:Warning: LoadPackage can't find package LevelEditor.TutorialLaunchButton.
[2015.02.10-18.47.07:318][667]LogPackageName: SearchForPackageOnDisk took   0.071s to resolve 
[2015.02.10-18.47.07:318][667]LogUObjectGlobals:Warning: LoadPackage can't find package .
[2015.02.10-18.47.23:276][408]LogMaterial: Missing cached shader map for material PreviewMaterial_1, compiling.
[2015.02.10-18.47.23:302][408]LogMaterial: Missing cached shader map for material FMatExpressionPreview MaterialExpressionConstant3Vector_1, compiling.
[2015.02.10-18.47.23:887][432]MaterialEditorStats: Info Base pass shader with only dynamic lighting: 34 instructions
[2015.02.10-18.47.23:888][432]MaterialEditorStats: Info Vertex shader: 31 instructions
[2015.02.10-18.47.23:888][432]MaterialEditorStats: Info Texture samplers: 0/16
[2015.02.10-18.47.26:010][532]LogMaterial: Missing cached shader map for material PreviewMaterial_1, compiling.
[2015.02.10-18.47.26:039][532]LogMaterial: Missing cached shader map for material FMatExpressionPreview MaterialExpressionConstant3Vector_1, compiling.
[2015.02.10-18.47.26:674][563]MaterialEditorStats: Info Base pass shader with only dynamic lighting: 37 instructions
[2015.02.10-18.47.26:674][563]MaterialEditorStats: Info Vertex shader: 31 instructions
[2015.02.10-18.47.26:674][563]MaterialEditorStats: Info Texture samplers: 0/16
[2015.02.10-18.47.28:872][666]LogMaterialEditor: Saving and Compiling material NewMaterial2
[2015.02.10-18.47.30:141][666]LogMaterial: Missing cached shader map for material PreviewMaterial_1, compiling.
[2015.02.10-18.47.30:285][666]LogMaterial: Missing cached shader map for material NewMaterial2, compiling.
[2015.02.10-18.47.30:305][666]LogMaterial: Missing cached shader map for material NewMaterial2, compiling.
[2015.02.10-18.47.30:314][666]LogMaterial: 0.001347 seconds spent updating 1 materials, 1 interfaces, 0 instances, 0 with static permutations.
[2015.02.10-18.47.31:876][666]Cmd: OBJ SAVEPACKAGE PACKAGE="/Game/NewMaterial2" FILE="../../../../../../Users/u0807920/Desktop/TrailerWhitebox/Content/NewMaterial2.uasset" SILENT=true
[2015.02.10-18.47.32:172][666]LogSavePackage: Save=292.708405ms
[2015.02.10-18.47.32:172][666]LogSavePackage: Moving '../../../../../../Users/u0807920/Desktop/TrailerWhitebox/Saved/NewMaterial2536A800A48D18811D8F5A7B32A3F126B.tmp' to '../../../../../../Users/u0807920/Desktop/TrailerWhitebox/Content/NewMaterial2.uasset'
[2015.02.10-18.47.32:197][667]MaterialEditorStats: Info Base pass shader with only dynamic lighting: 66 instructions
[2015.02.10-18.47.32:198][667]MaterialEditorStats: Info Vertex shader: 31 instructions
[2015.02.10-18.47.32:198][667]MaterialEditorStats: Info Texture samplers: 3/16
[2015.02.10-18.47.34:359][782]LogEditorViewport: Clicking on Actor (LMB): BP_Sky_Sphere_C (BP_Sky_Shere)
[2015.02.10-18.47.40:206][151]LogEditorViewport: Clicking on Actor (LMB): BP_Sky_Sphere_C (BP_Sky_Shere)
[2015.02.10-18.47.43:626][388]LogInstancedFoliage: Map Rebuilt - Update all BSP painted foliage!
[2015.02.10-18.47.46:157][557]LogInstancedFoliage: Map Rebuilt - Update all BSP painted foliage!
[2015.02.10-18.47.46:701][595]LogEditorViewport: Clicking on Actor (LMB): BP_Sky_Sphere_C (BP_Sky_Shere)
[2015.02.10-18.48.04:501][839]LogEditorViewport: Clicking on Actor (LMB): BP_Sky_Sphere_C (BP_Sky_Shere)
[2015.02.10-18.48.13:744][312]LogParticles: Destroying 0 GPU particle simulations for FXSystem 0x000000001BBC9940
[2015.02.10-18.48.25:455][312]Cmd: OBJ SAVEPACKAGE PACKAGE="/Game/TrailerWhitebox" FILE="../../../../../../Users/u0807920/Desktop/TrailerWhitebox/Content/TrailerWhitebox.umap" SILENT=true AUTOSAVING=false KEEPDIRTY=false
[2015.02.10-18.48.25:502][312]LogSavePackage: Save=28.454344ms
[2015.02.10-18.48.25:502][312]LogSavePackage: Moving '../../../../../../Users/u0807920/Desktop/TrailerWhitebox/Saved/TrailerWhiteboxA27659634D43A2C66BE794B7D9ACD613.tmp' to '../../../../../../Users/u0807920/Desktop/TrailerWhitebox/Content/TrailerWhitebox.umap'
[2015.02.10-18.48.25:519][312]LogFileHelpers: Saving map 'TrailerWhitebox' took 0.306
[2015.02.10-18.48.30:972][675]Cmd: QUIT_EDITOR
[2015.02.10-18.48.31:298][675]LogExit: Preparing to exit.
[2015.02.10-18.48.31:851][675]LogExit: Editor shut down
[2015.02.10-18.48.31:852][675]LogExit: Transaction tracking system shut down
[2015.02.10-18.48.31:852][675]LogParticles: Destroying 0 GPU particle simulations for FXSystem 0x000000000DA70A40
[2015.02.10-18.48.31:881][675]LogParticles: Destroying 0 GPU particle simulations for FXSystem 0x000000000D0EDB20
[2015.02.10-18.48.31:881][675]LogParticles: Destroying 0 GPU particle simulations for FXSystem 0x000000000D0EE480
[2015.02.10-18.48.31:881][675]LogExit: Object subsystem successfully closed.
[2015.02.10-18.48.31:931][675]LogModuleManager: Shutting down and abandoning module MaterialEditor (174)
[2015.02.10-18.48.31:931][675]LogModuleManager: Shutting down and abandoning module SynthBenchmark (173)
[2015.02.10-18.48.31:931][675]LogModuleManager: Shutting down and abandoning module AndroidDeviceDetection (172)
[2015.02.10-18.48.31:931][675]LogModuleManager: Shutting down and abandoning module CrashTracker (171)
[2015.02.10-18.48.31:931][675]LogModuleManager: Shutting down and abandoning module SuperSearch (170)
[2015.02.10-18.48.31:931][675]LogModuleManager: Shutting down and abandoning module SceneOutliner (169)
[2015.02.10-18.48.31:931][675]LogModuleManager: Shutting down and abandoning module EditorWidgets (168)
[2015.02.10-18.48.31:931][675]LogModuleManager: Shutting down and abandoning module CollectionManager (167)
[2015.02.10-18.48.31:931][675]LogModuleManager: Shutting down and abandoning module StatsViewer (166)
[2015.02.10-18.48.31:931][675]LogModuleManager: Shutting down and abandoning module FoliageEdit (165)
[2015.02.10-18.48.31:931][675]LogModuleManager: Shutting down and abandoning module LandscapeEditor (164)
[2015.02.10-18.48.31:931][675]LogModuleManager: Shutting down and abandoning module MeshPaint (163)
[2015.02.10-18.48.31:931][675]LogModuleManager: Shutting down and abandoning module ActorPickerMode (162)
[2015.02.10-18.48.31:931][675]LogModuleManager: Shutting down and abandoning module GeometryMode (161)
[2015.02.10-18.48.31:931][675]LogModuleManager: Shutting down and abandoning module TextureAlignMode (160)
[2015.02.10-18.48.31:931][675]LogModuleManager: Shutting down and abandoning module BspMode (159)
[2015.02.10-18.48.31:931][675]LogModuleManager: Shutting down and abandoning module PlacementMode (158)
[2015.02.10-18.48.31:931][675]LogModuleManager: Shutting down and abandoning module AutomationWorker (157)
[2015.02.10-18.48.31:931][675]LogModuleManager: Shutting down and abandoning module CharacterAI (156)
[2015.02.10-18.48.31:931][675]LogModuleManager: Shutting down and abandoning module GameProjectGeneration (155)
[2015.02.10-18.48.31:931][675]LogModuleManager: Shutting down and abandoning module IntroTutorials (154)
[2015.02.10-18.48.31:931][675]LogModuleManager: Shutting down and abandoning module EditorLiveStreaming (153)
[2015.02.10-18.48.31:931][675]LogModuleManager: Shutting down and abandoning module HardwareTargeting (152)
[2015.02.10-18.48.31:931][675]LogModuleManager: Shutting down and abandoning module DeviceProfileEditor (151)
[2015.02.10-18.48.31:931][675]LogModuleManager: Shutting down and abandoning module UndoHistory (150)
[2015.02.10-18.48.31:931][675]LogModuleManager: Shutting down and abandoning module GameplayTagsEditor (149)
[2015.02.10-18.48.31:931][675]LogModuleManager: Shutting down and abandoning module UserFeedback (148)
[2015.02.10-18.48.31:931][675]LogModuleManager: Shutting down and abandoning module XmlParser (147)
[2015.02.10-18.48.31:931][675]LogModuleManager: Shutting down and abandoning module Blutility (146)
[2015.02.10-18.48.31:931][675]LogModuleManager: Shutting down and abandoning module IOSPlatformEditor (145)
[2015.02.10-18.48.31:931][675]LogModuleManager: Shutting down and abandoning module IOSRuntimeSettings (144)
[2015.02.10-18.48.31:932][675]LogModuleManager: Shutting down and abandoning module AndroidPlatformEditor (143)
[2015.02.10-18.48.31:932][675]LogModuleManager: Shutting down and abandoning module AndroidRuntimeSettings (142)
[2015.02.10-18.48.31:932][675]LogModuleManager: Shutting down and abandoning module ProjectTargetPlatformEditor (141)
[2015.02.10-18.48.31:932][675]LogModuleManager: Shutting down and abandoning module ProjectSettingsViewer (140)
[2015.02.10-18.48.31:932][675]LogModuleManager: Shutting down and abandoning module InputBindingEditor (139)
[2015.02.10-18.48.31:932][675]LogModuleManager: Shutting down and abandoning module EditorSettingsViewer (138)
[2015.02.10-18.48.31:932][675]LogModuleManager: Shutting down and abandoning module SettingsEditor (137)
[2015.02.10-18.48.31:932][675]LogModuleManager: Shutting down and abandoning module ProjectLauncher (136)
[2015.02.10-18.48.31:932][675]LogModuleManager: Shutting down and abandoning module SessionFrontend (135)
[2015.02.10-18.48.31:932][675]LogModuleManager: Shutting down and abandoning module ProfilerClient (134)
[2015.02.10-18.48.31:932][675]LogModuleManager: Shutting down and abandoning module TargetDeviceServices (133)
[2015.02.10-18.48.31:932][675]LogModuleManager: Shutting down and abandoning module DeviceManager (132)
[2015.02.10-18.48.31:932][675]LogModuleManager: Shutting down and abandoning module AutomationController (131)
[2015.02.10-18.48.31:932][675]LogModuleManager: Shutting down and abandoning module AutomationWindow (130)
[2015.02.10-18.48.31:932][675]LogModuleManager: Shutting down and abandoning module Layers (129)
[2015.02.10-18.48.31:932][675]LogModuleManager: Shutting down and abandoning module ComponentVisualizers (128)
[2015.02.10-18.48.31:932][675]LogModuleManager: Shutting down and abandoning module DetailCustomizations (127)
[2015.02.10-18.48.31:932][675]LogModuleManager: Shutting down and abandoning module PackagesDialog (126)
[2015.02.10-18.48.31:932][675]LogModuleManager: Shutting down and abandoning module AssetRegistry (125)
[2015.02.10-18.48.31:960][675]LogModuleManager: Shutting down and abandoning module Persona (124)
[2015.02.10-18.48.31:960][675]LogModuleManager: Shutting down and abandoning module Kismet (123)
[2015.02.10-18.48.31:960][675]LogModuleManager: Shutting down and abandoning module GraphEditor (122)
[2015.02.10-18.48.31:961][675]LogModuleManager: Shutting down and abandoning module ClassViewer (121)
[2015.02.10-18.48.31:961][675]LogModuleManager: Shutting down and abandoning module Toolbox (120)
[2015.02.10-18.48.31:961][675]LogModuleManager: Shutting down and abandoning module ModuleUI (119)
[2015.02.10-18.48.31:961][675]LogModuleManager: Shutting down and abandoning module MovieSceneTools (118)
[2015.02.10-18.48.31:961][675]LogModuleManager: Shutting down and abandoning module OutputLog (117)
[2015.02.10-18.48.31:961][675]LogModuleManager: Shutting down and abandoning module GammaUI (116)
[2015.02.10-18.48.31:961][675]LogModuleManager: Shutting down and abandoning module Documentation (115)
[2015.02.10-18.48.31:961][675]LogModuleManager: Shutting down and abandoning module GameLiveStreaming (114)
[2015.02.10-18.48.31:961][675]LogModuleManager: Shutting down and abandoning module StreamingPauseRendering (113)
[2015.02.10-18.48.31:961][675]LogModuleManager: Shutting down and abandoning module HTTP (112)
[2015.02.10-18.48.31:961][675]LogModuleManager: Shutting down and abandoning module AnalyticsET (111)
[2015.02.10-18.48.31:961][675]LogModuleManager: Shutting down and abandoning module Analytics (110)
[2015.02.10-18.48.31:961][675]LogModuleManager: Shutting down and abandoning module AITestSuite (109)
[2015.02.10-18.48.31:961][675]LogModuleManager: Shutting down and abandoning module AIModule (108)
[2015.02.10-18.48.31:961][675]LogModuleManager: Shutting down and abandoning module ProfilerService (107)
[2015.02.10-18.48.32:146][675]LogModuleManager: Shutting down and abandoning module TaskGraph (106)
[2015.02.10-18.48.32:146][675]LogModuleManager: Shutting down and abandoning module GameplayDebugger (105)
[2015.02.10-18.48.32:146][675]LogModuleManager: Shutting down and abandoning module SlateRemote (104)
[2015.02.10-18.48.32:146][675]LogModuleManager: Shutting down and abandoning module ScriptEditorPlugin (103)
[2015.02.10-18.48.32:146][675]LogModuleManager: Shutting down and abandoning module CustomMeshComponent (102)
[2015.02.10-18.48.32:146][675]LogModuleManager: Shutting down and abandoning module CableComponent (101)
[2015.02.10-18.48.32:146][675]LogModuleManager: Shutting down and abandoning module MessagingDebugger (100)
[2015.02.10-18.48.32:146][675]LogModuleManager: Shutting down and abandoning module MediaPlayerEditor (99)
[2015.02.10-18.48.32:146][675]LogModuleManager: Shutting down and abandoning module SpeedTreeImporter (98)
[2015.02.10-18.48.32:146][675]LogModuleManager: Shutting down and abandoning module PluginsEditor (97)
[2015.02.10-18.48.32:146][675]LogModuleManager: Shutting down and abandoning module EpicSurvey (96)
[2015.02.10-18.48.32:146][675]LogModuleManager: Shutting down and abandoning module DesktopPlatform (95)
[2015.02.10-18.48.32:146][675]LogModuleManager: Shutting down and abandoning module VisualStudioSourceCodeAccess (94)
[2015.02.10-18.48.32:146][675]LogModuleManager: Shutting down and abandoning module UObjectPlugin (93)
[2015.02.10-18.48.32:146][675]LogModuleManager: Shutting down and abandoning module SubversionSourceControl (92)
[2015.02.10-18.48.32:146][675]LogModuleManager: Shutting down and abandoning module SourceControl (91)
[2015.02.10-18.48.32:146][675]LogModuleManager: Shutting down and abandoning module PerforceSourceControl (90)
[2015.02.10-18.48.32:146][675]LogModuleManager: Shutting down and abandoning module BlankPlugin (89)
[2015.02.10-18.48.32:146][675]LogModuleManager: Shutting down and abandoning module SlateReflector (88)
[2015.02.10-18.48.32:146][675]LogModuleManager: Shutting down and abandoning module DirectoryWatcher (87)
[2015.02.10-18.48.32:147][675]LogModuleManager: Shutting down and abandoning module HotReload (86)
[2015.02.10-18.48.32:147][675]LogModuleManager: Shutting down and abandoning module MainFrame (85)
[2015.02.10-18.48.32:147][675]LogModuleManager: Shutting down and abandoning module LevelEditor (84)
[2015.02.10-18.48.32:148][675]LogModuleManager: Shutting down and abandoning module ViewportSnapping (83)
[2015.02.10-18.48.32:148][675]LogModuleManager: Shutting down and abandoning module SmartSnapping (82)
[2015.02.10-18.48.32:148][675]LogModuleManager: Shutting down and abandoning module PaperTiledImporter (81)
[2015.02.10-18.48.32:148][675]LogModuleManager: Shutting down and abandoning module PaperJsonImporter (80)
[2015.02.10-18.48.32:148][675]LogModuleManager: Shutting down and abandoning module ContentBrowser (79)
[2015.02.10-18.48.32:148][675]LogModuleManager: Shutting down and abandoning module Paper2DEditor (78)
[2015.02.10-18.48.32:148][675]LogModuleManager: Shutting down and abandoning module ScriptPlugin (77)
[2015.02.10-18.48.32:148][675]LogModuleManager: Shutting down and abandoning module UdpMessaging (76)
[2015.02.10-18.48.32:248][675]LogModuleManager: Shutting down and abandoning module Paper2D (75)
[2015.02.10-18.48.32:248][675]LogModuleManager: Shutting down and abandoning module UE4Game (74)
[2015.02.10-18.48.32:248][675]LogModuleManager: Shutting down and abandoning module WindowsMoviePlayer (73)
[2015.02.10-18.48.32:250][675]LogModuleManager: Shutting down and abandoning module Media (72)
[2015.02.10-18.48.32:250][675]LogModuleManager: Shutting down and abandoning module WmfMedia (71)
[2015.02.10-18.48.32:251][675]LogModuleManager: Shutting down and abandoning module OnlineBlueprintSupport (70)
[2015.02.10-18.48.32:251][675]LogModuleManager: Shutting down and abandoning module PropertyEditor (69)
[2015.02.10-18.48.32:251][675]LogModuleManager: Shutting down and abandoning module BehaviorTreeEditor (68)
[2015.02.10-18.48.32:251][675]LogModuleManager: Shutting down and abandoning module FunctionalTesting (67)
[2015.02.10-18.48.32:251][675]LogModuleManager: Shutting down and abandoning module CollisionAnalyzer (66)
[2015.02.10-18.48.32:251][675]LogModuleManager: Shutting down and abandoning module WorkspaceMenuStructure (65)
[2015.02.10-18.48.32:251][675]LogModuleManager: Shutting down and abandoning module MessageLog (64)
[2015.02.10-18.48.32:251][675]LogModuleManager: Shutting down and abandoning module Sequencer (63)
[2015.02.10-18.48.32:251][675]LogModuleManager: Shutting down and abandoning module AssetTools (62)
[2015.02.10-18.48.32:251][675]LogModuleManager: Shutting down and abandoning module UMGEditor (61)
[2015.02.10-18.48.32:251][675]LogModuleManager: Shutting down and abandoning module UMG (60)
[2015.02.10-18.48.32:251][675]LogModuleManager: Shutting down and abandoning module Slate (59)
[2015.02.10-18.48.32:251][675]LogModuleManager: Shutting down and abandoning module EditorStyle (58)
[2015.02.10-18.48.32:254][675]LogModuleManager: Shutting down and abandoning module SessionServices (57)
[2015.02.10-18.48.32:254][675]LogModuleManager: Shutting down and abandoning module SourceCodeAccess (56)
[2015.02.10-18.48.32:254][675]LogModuleManager: Shutting down and abandoning module HeadMountedDisplay (55)
[2015.02.10-18.48.32:254][675]LogModuleManager: Shutting down and abandoning module XAudio2 (54)
[2015.02.10-18.48.32:254][675]LogModuleManager: Shutting down and abandoning module Networking (52)
[2015.02.10-18.48.32:254][675]LogModuleManager: Shutting down and abandoning module Core (51)
[2015.02.10-18.48.32:254][675]LogModuleManager: Shutting down and abandoning module KismetCompiler (50)
[2015.02.10-18.48.32:254][675]LogModuleManager: Shutting down and abandoning module PhysXFormats (49)
[2015.02.10-18.48.32:254][675]LogModuleManager: Shutting down and abandoning module MeshUtilities (48)
[2015.02.10-18.48.32:254][675]LogModuleManager: Shutting down and abandoning module DerivedDataCache (47)
[2015.02.10-18.48.32:336][675]LogDerivedDataCache: Shutdown
[2015.02.10-18.48.32:336][675]LogModuleManager: Shutting down and abandoning module ShaderFormatOpenGL (46)
[2015.02.10-18.48.32:336][675]LogModuleManager: Shutting down and abandoning module ShaderFormatD3D (45)
[2015.02.10-18.48.32:336][675]LogModuleManager: Shutting down and abandoning module MetalShaderFormat (44)
[2015.02.10-18.48.32:336][675]LogModuleManager: Shutting down and abandoning module TextureFormatUncompressed (43)
[2015.02.10-18.48.32:336][675]LogModuleManager: Shutting down and abandoning module TextureFormatPVR (42)
[2015.02.10-18.48.32:336][675]LogModuleManager: Shutting down and abandoning module TextureFormatDXT (41)
[2015.02.10-18.48.32:336][675]LogModuleManager: Shutting down and abandoning module TextureFormatAndroid (40)
[2015.02.10-18.48.32:336][675]LogModuleManager: Shutting down and abandoning module AudioFormatOpus (39)
[2015.02.10-18.48.32:336][675]LogModuleManager: Shutting down and abandoning module AudioFormatOgg (38)
[2015.02.10-18.48.32:336][675]LogModuleManager: Shutting down and abandoning module AudioFormatADPCM (37)
[2015.02.10-18.48.32:336][675]LogModuleManager: Shutting down and abandoning module LinuxTargetPlatform (36)
[2015.02.10-18.48.32:336][675]LogModuleManager: Shutting down and abandoning module LinuxServerTargetPlatform (35)
[2015.02.10-18.48.32:336][675]LogModuleManager: Shutting down and abandoning module LinuxNoEditorTargetPlatform (34)
[2015.02.10-18.48.32:336][675]LogModuleManager: Shutting down and abandoning module Messaging (33)
[2015.02.10-18.48.32:336][675]LogModuleManager: Shutting down and abandoning module IOSTargetPlatform (32)
[2015.02.10-18.48.32:336][675]LogModuleManager: Shutting down and abandoning module Android_PVRTCTargetPlatform (31)
[2015.02.10-18.48.32:336][675]LogModuleManager: Shutting down and abandoning module Android_ETC2TargetPlatform (30)
[2015.02.10-18.48.32:336][675]LogModuleManager: Shutting down and abandoning module Android_ETC1TargetPlatform (29)
[2015.02.10-18.48.32:336][675]LogModuleManager: Shutting down and abandoning module Android_DXTTargetPlatform (28)
[2015.02.10-18.48.32:336][675]LogModuleManager: Shutting down and abandoning module Android_ATCTargetPlatform (27)
[2015.02.10-18.48.32:336][675]LogModuleManager: Shutting down and abandoning module AndroidTargetPlatform (26)
[2015.02.10-18.48.32:336][675]LogModuleManager: Shutting down and abandoning module WindowsTargetPlatform (25)
[2015.02.10-18.48.32:336][675]LogModuleManager: Shutting down and abandoning module WindowsServerTargetPlatform (24)
[2015.02.10-18.48.32:336][675]LogModuleManager: Shutting down and abandoning module WindowsNoEditorTargetPlatform (23)
[2015.02.10-18.48.32:336][675]LogModuleManager: Shutting down and abandoning module WindowsClientTargetPlatform (22)
[2015.02.10-18.48.32:336][675]LogModuleManager: Shutting down and abandoning module TargetPlatform (21)
[2015.02.10-18.48.32:336][675]LogModuleManager: Shutting down and abandoning module InputCore (20)
[2015.02.10-18.48.32:336][675]LogModuleManager: Shutting down and abandoning module Settings (19)
[2015.02.10-18.48.32:336][675]LogModuleManager: Shutting down and abandoning module ImageWrapper (18)
[2015.02.10-18.48.32:336][675]LogModuleManager: Shutting down and abandoning module OculusRift (15)
[2015.02.10-18.48.32:336][675]LogModuleManager: Shutting down and abandoning module ExampleDeviceProfileSelector (14)
[2015.02.10-18.48.32:336][675]LogModuleManager: Shutting down and abandoning module TextureCompressor (13)
[2015.02.10-18.48.32:336][675]LogModuleManager: Shutting down and abandoning module ShaderCore (12)
[2015.02.10-18.48.32:336][675]LogModuleManager: Shutting down and abandoning module Landscape (11)
[2015.02.10-18.48.32:336][675]LogModuleManager: Shutting down and abandoning module SlateRHIRenderer (10)
[2015.02.10-18.48.32:337][675]LogModuleManager: Shutting down and abandoning module OpenGLDrv (9)
[2015.02.10-18.48.32:337][675]LogModuleManager: Shutting down and abandoning module D3D11RHI (8)
[2015.02.10-18.48.32:337][675]LogModuleManager: Shutting down and abandoning module Renderer (7)
[2015.02.10-18.48.32:338][675]LogModuleManager: Shutting down and abandoning module Engine (6)
[2015.02.10-18.48.32:338][675]LogModuleManager: Shutting down and abandoning module CoreUObject (5)
[2015.02.10-18.48.32:338][675]LogModuleManager: Shutting down and abandoning module NetworkFile (4)
[2015.02.10-18.48.32:338][675]LogModuleManager: Shutting down and abandoning module StreamingFile (3)
[2015.02.10-18.48.32:338][675]LogModuleManager: Shutting down and abandoning module SandboxFile (2)
[2015.02.10-18.48.32:338][675]LogModuleManager: Shutting down and abandoning module PakFile (1)
[2015.02.10-18.48.32:338][675]LogExit: Exiting.
[2015.02.10-18.48.32:351][675]Log file closed, 02/10/15 11:48:32
